#-----------------------------------------------------------
# Vivado v2020.1 (64-bit)
# SW Build 2902540 on Wed May 27 19:54:49 MDT 2020
# IP Build 2902112 on Wed May 27 22:43:36 MDT 2020
# Start of session at: Wed Apr 29 17:09:56 2026
# Process ID: 7584
# Current directory: C:/Users/DELL/Desktop/CAlabs/CAlabs-Git-Zaara-Zoya/Lab 5
# Command line: vivado.exe -gui_launcher_event rodinguilauncherevent6948 C:\Users\DELL\Desktop\CAlabs\CAlabs-Git-Zaara-Zoya\Lab 5\Lab 5.xpr
# Log file: C:/Users/DELL/Desktop/CAlabs/CAlabs-Git-Zaara-Zoya/Lab 5/vivado.log
# Journal file: C:/Users/DELL/Desktop/CAlabs/CAlabs-Git-Zaara-Zoya/Lab 5\vivado.jou
#-----------------------------------------------------------
start_gui
open_project {C:/Users/DELL/Desktop/CAlabs/CAlabs-Git-Zaara-Zoya/Lab 5/Lab 5.xpr}
INFO: [Project 1-313] Project file moved from 'C:/Users/za10196/Desktop/Lab 5' since last save.
Scanning sources...
Finished scanning sources
INFO: [IP_Flow 19-234] Refreshing IP repositories
INFO: [IP_Flow 19-1704] No user IP repositories specified
INFO: [IP_Flow 19-2313] Loaded Vivado IP repository 'C:/Xilinx/Vivado/2020.1/data/ip'.
open_project: Time (s): cpu = 00:00:21 ; elapsed = 00:00:08 . Memory (MB): peak = 1027.508 ; gain = 0.000
update_compile_order -fileset sources_1
exit
INFO: [Common 17-206] Exiting Vivado at Wed Apr 29 17:29:33 2026...
