Copyright 1986-2020 Xilinx, Inc. All Rights Reserved.
----------------------------------------------------------------------------------------------
| Tool Version : Vivado v.2020.1 (win64) Build 2902540 Wed May 27 19:54:49 MDT 2020
| Date         : Thu Apr 16 12:08:37 2026
| Host         : HU-DOPX-ML22 running 64-bit major release  (build 9200)
| Command      : report_control_sets -verbose -file TopLevelProcessor_control_sets_placed.rpt
| Design       : TopLevelProcessor
| Device       : xc7a35t
----------------------------------------------------------------------------------------------

Control Set Information

Table of Contents
-----------------
1. Summary
2. Histogram
3. Flip-Flop Distribution
4. Detailed Control Set Information

1. Summary
----------

+----------------------------------------------------------+-------+
|                          Status                          | Count |
+----------------------------------------------------------+-------+
| Total control sets                                       |    35 |
|    Minimum number of control sets                        |    35 |
|    Addition due to synthesis replication                 |     0 |
|    Addition due to physical synthesis replication        |     0 |
| Unused register locations in slices containing registers |     2 |
+----------------------------------------------------------+-------+
* Control sets can be merged at opt_design using control_set_merge or merge_equivalent_drivers
** Run report_qor_suggestions for automated merging and remapping suggestions


2. Histogram
------------

+--------------------+-------+
|       Fanout       | Count |
+--------------------+-------+
| Total control sets |    35 |
| >= 0 to < 4        |     0 |
| >= 4 to < 6        |     0 |
| >= 6 to < 8        |     0 |
| >= 8 to < 10       |     0 |
| >= 10 to < 12      |     0 |
| >= 12 to < 14      |     0 |
| >= 14 to < 16      |     1 |
| >= 16              |    34 |
+--------------------+-------+
* Control sets can be remapped at either synth_design or opt_design


3. Flip-Flop Distribution
-------------------------

+--------------+-----------------------+------------------------+-----------------+--------------+
| Clock Enable | Synchronous Set/Reset | Asynchronous Set/Reset | Total Registers | Total Slices |
+--------------+-----------------------+------------------------+-----------------+--------------+
| No           | No                    | No                     |               0 |            0 |
| No           | No                    | Yes                    |              14 |            4 |
| No           | Yes                   | No                     |               0 |            0 |
| Yes          | No                    | No                     |               0 |            0 |
| Yes          | No                    | Yes                    |            1008 |          671 |
| Yes          | Yes                   | No                     |               0 |            0 |
+--------------+-----------------------+------------------------+-----------------+--------------+


4. Detailed Control Set Information
-----------------------------------

+----------------+------------------------+------------------+------------------+----------------+--------------+
|  Clock Signal  |      Enable Signal     | Set/Reset Signal | Slice Load Count | Bel Load Count | Bels / Slice |
+----------------+------------------------+------------------+------------------+----------------+--------------+
|  clk_IBUF_BUFG |                        | rst_IBUF         |                4 |             14 |         3.50 |
|  clk_IBUF_BUFG | pc/E[0]                | rst_IBUF         |               10 |             16 |         1.60 |
|  clk_IBUF_BUFG | pc/PC_reg_rep[6]_7[0]  | rst_IBUF         |               21 |             32 |         1.52 |
|  clk_IBUF_BUFG | pc/PC_reg_rep[6]_32[0] | rst_IBUF         |               22 |             32 |         1.45 |
|  clk_IBUF_BUFG | pc/PC_reg_rep[6]_35[0] | rst_IBUF         |               19 |             32 |         1.68 |
|  clk_IBUF_BUFG | pc/PC_reg_rep[6]_36[0] | rst_IBUF         |               20 |             32 |         1.60 |
|  clk_IBUF_BUFG | pc/PC_reg_rep[6]_33[0] | rst_IBUF         |               22 |             32 |         1.45 |
|  clk_IBUF_BUFG | pc/PC_reg_rep[6]_37[0] | rst_IBUF         |               20 |             32 |         1.60 |
|  clk_IBUF_BUFG | pc/PC_reg_rep[6]_38[0] | rst_IBUF         |               22 |             32 |         1.45 |
|  clk_IBUF_BUFG | pc/PC_reg_rep[6]_26[0] | rst_IBUF         |               18 |             32 |         1.78 |
|  clk_IBUF_BUFG | pc/PC_reg_rep[6]_27[0] | rst_IBUF         |               22 |             32 |         1.45 |
|  clk_IBUF_BUFG | pc/PC_reg_rep[6]_4[0]  | rst_IBUF         |               21 |             32 |         1.52 |
|  clk_IBUF_BUFG | pc/PC_reg_rep[6]_40[0] | rst_IBUF         |               22 |             32 |         1.45 |
|  clk_IBUF_BUFG | pc/PC_reg_rep[6]_19[0] | rst_IBUF         |               21 |             32 |         1.52 |
|  clk_IBUF_BUFG | pc/PC_reg_rep[6]_34[0] | rst_IBUF         |               23 |             32 |         1.39 |
|  clk_IBUF_BUFG | pc/PC_reg_rep[6]_5[0]  | rst_IBUF         |               20 |             32 |         1.60 |
|  clk_IBUF_BUFG | pc/PC_reg_rep[6]_6[0]  | rst_IBUF         |               19 |             32 |         1.68 |
|  clk_IBUF_BUFG | pc/PC_reg_rep[6]_9[0]  | rst_IBUF         |               22 |             32 |         1.45 |
|  clk_IBUF_BUFG | pc/PC_reg_rep[6]_8[0]  | rst_IBUF         |               21 |             32 |         1.52 |
|  clk_IBUF_BUFG | pc/PC_reg_rep[6]_39[0] | rst_IBUF         |               23 |             32 |         1.39 |
|  clk_IBUF_BUFG | pc/PC_reg_rep[6]_10[0] | rst_IBUF         |               22 |             32 |         1.45 |
|  clk_IBUF_BUFG | pc/PC_reg_rep[6]_21[0] | rst_IBUF         |               21 |             32 |         1.52 |
|  clk_IBUF_BUFG | pc/PC_reg_rep[6]_23[0] | rst_IBUF         |               24 |             32 |         1.33 |
|  clk_IBUF_BUFG | pc/PC_reg_rep[6]_24[0] | rst_IBUF         |               24 |             32 |         1.33 |
|  clk_IBUF_BUFG | pc/PC_reg_rep[6]_31[0] | rst_IBUF         |               23 |             32 |         1.39 |
|  clk_IBUF_BUFG | pc/PC_reg_rep[6]_30[0] | rst_IBUF         |               24 |             32 |         1.33 |
|  clk_IBUF_BUFG | pc/PC_reg_rep[6]_22[0] | rst_IBUF         |               19 |             32 |         1.68 |
|  clk_IBUF_BUFG | pc/PC_reg_rep[6]_28[0] | rst_IBUF         |               20 |             32 |         1.60 |
|  clk_IBUF_BUFG | pc/PC_reg_rep[6]_29[0] | rst_IBUF         |               20 |             32 |         1.60 |
|  clk_IBUF_BUFG | pc/PC_reg_rep[6]_11[0] | rst_IBUF         |               24 |             32 |         1.33 |
|  clk_IBUF_BUFG | pc/PC_reg_rep[6]_3[0]  | rst_IBUF         |               19 |             32 |         1.68 |
|  clk_IBUF_BUFG | pc/PC_reg_rep[6]_20[0] | rst_IBUF         |               21 |             32 |         1.52 |
|  clk_IBUF_BUFG | pc/PC_reg_rep[6]_25[0] | rst_IBUF         |               22 |             32 |         1.45 |
|  clk_IBUF_BUFG | pc/PC_reg_rep[6]_17    |                  |               32 |            128 |         4.00 |
|  clk_IBUF_BUFG |                        |                  |               32 |            128 |         4.00 |
+----------------+------------------------+------------------+------------------+----------------+--------------+


