
*** Running vivado
    with args -log RegisterFile.vds -m64 -product Vivado -mode batch -messageDb vivado.pb -notrace -source RegisterFile.tcl



****** Vivado v2020.1 (64-bit)
  **** SW Build 2902540 on Wed May 27 19:54:49 MDT 2020
  **** IP Build 2902112 on Wed May 27 22:43:36 MDT 2020
    ** Copyright 1986-2020 Xilinx, Inc. All Rights Reserved.

source RegisterFile.tcl -notrace
Command: synth_design -top RegisterFile -part xc7a35tcpg236-1
Starting synth_design
Attempting to get a license for feature 'Synthesis' and/or device 'xc7a35t'
INFO: [Common 17-349] Got license for feature 'Synthesis' and/or device 'xc7a35t'
INFO: [Device 21-403] Loading part xc7a35tcpg236-1
INFO: [Synth 8-7079] Multithreading enabled for synth_design using a maximum of 2 processes.
INFO: [Synth 8-7078] Launching helper process for spawning children vivado processes
INFO: [Synth 8-7075] Helper process launched with PID 23348
---------------------------------------------------------------------------------
Starting RTL Elaboration : Time (s): cpu = 00:00:02 ; elapsed = 00:00:03 . Memory (MB): peak = 1025.266 ; gain = 0.000
---------------------------------------------------------------------------------
INFO: [Synth 8-6157] synthesizing module 'RegisterFile' [C:/Users/za10196/Desktop/project_lab6/project_lab6/project_lab6.srcs/sources_1/new/RegisterFile.v:22]
INFO: [Synth 8-6155] done synthesizing module 'RegisterFile' (1#1) [C:/Users/za10196/Desktop/project_lab6/project_lab6/project_lab6.srcs/sources_1/new/RegisterFile.v:22]
---------------------------------------------------------------------------------
Finished RTL Elaboration : Time (s): cpu = 00:00:03 ; elapsed = 00:00:03 . Memory (MB): peak = 1025.266 ; gain = 0.000
---------------------------------------------------------------------------------
---------------------------------------------------------------------------------
Start Handling Custom Attributes
---------------------------------------------------------------------------------
---------------------------------------------------------------------------------
Finished Handling Custom Attributes : Time (s): cpu = 00:00:03 ; elapsed = 00:00:04 . Memory (MB): peak = 1025.266 ; gain = 0.000
---------------------------------------------------------------------------------
---------------------------------------------------------------------------------
Finished RTL Optimization Phase 1 : Time (s): cpu = 00:00:03 ; elapsed = 00:00:04 . Memory (MB): peak = 1025.266 ; gain = 0.000
---------------------------------------------------------------------------------
Netlist sorting complete. Time (s): cpu = 00:00:00 ; elapsed = 00:00:00.006 . Memory (MB): peak = 1025.266 ; gain = 0.000
INFO: [Project 1-570] Preparing netlist for logic optimization

Processing XDC Constraints
Initializing timing engine
Parsing XDC File [C:/Users/za10196/Desktop/project_lab6/project_lab6/project_lab6.srcs/constrs_1/new/constraint.xdc]
WARNING: [Vivado 12-584] No ports matched 'rst_btn'. [C:/Users/za10196/Desktop/project_lab6/project_lab6/project_lab6.srcs/constrs_1/new/constraint.xdc:7]
CRITICAL WARNING: [Common 17-55] 'set_property' expects at least one object. [C:/Users/za10196/Desktop/project_lab6/project_lab6/project_lab6.srcs/constrs_1/new/constraint.xdc:7]
Resolution: If [get_<value>] was used to populate the object, check to make sure this command returns at least one valid object.
WARNING: [Vivado 12-584] No ports matched 'rst_btn'. [C:/Users/za10196/Desktop/project_lab6/project_lab6/project_lab6.srcs/constrs_1/new/constraint.xdc:8]
CRITICAL WARNING: [Common 17-55] 'set_property' expects at least one object. [C:/Users/za10196/Desktop/project_lab6/project_lab6/project_lab6.srcs/constrs_1/new/constraint.xdc:8]
Resolution: If [get_<value>] was used to populate the object, check to make sure this command returns at least one valid object.
WARNING: [Vivado 12-584] No ports matched 'sw_phys[0]'. [C:/Users/za10196/Desktop/project_lab6/project_lab6/project_lab6.srcs/constrs_1/new/constraint.xdc:12]
CRITICAL WARNING: [Common 17-55] 'set_property' expects at least one object. [C:/Users/za10196/Desktop/project_lab6/project_lab6/project_lab6.srcs/constrs_1/new/constraint.xdc:12]
Resolution: If [get_<value>] was used to populate the object, check to make sure this command returns at least one valid object.
WARNING: [Vivado 12-584] No ports matched 'sw_phys[0]'. [C:/Users/za10196/Desktop/project_lab6/project_lab6/project_lab6.srcs/constrs_1/new/constraint.xdc:13]
CRITICAL WARNING: [Common 17-55] 'set_property' expects at least one object. [C:/Users/za10196/Desktop/project_lab6/project_lab6/project_lab6.srcs/constrs_1/new/constraint.xdc:13]
Resolution: If [get_<value>] was used to populate the object, check to make sure this command returns at least one valid object.
WARNING: [Vivado 12-584] No ports matched 'sw_phys[1]'. [C:/Users/za10196/Desktop/project_lab6/project_lab6/project_lab6.srcs/constrs_1/new/constraint.xdc:15]
CRITICAL WARNING: [Common 17-55] 'set_property' expects at least one object. [C:/Users/za10196/Desktop/project_lab6/project_lab6/project_lab6.srcs/constrs_1/new/constraint.xdc:15]
Resolution: If [get_<value>] was used to populate the object, check to make sure this command returns at least one valid object.
WARNING: [Vivado 12-584] No ports matched 'sw_phys[1]'. [C:/Users/za10196/Desktop/project_lab6/project_lab6/project_lab6.srcs/constrs_1/new/constraint.xdc:16]
CRITICAL WARNING: [Common 17-55] 'set_property' expects at least one object. [C:/Users/za10196/Desktop/project_lab6/project_lab6/project_lab6.srcs/constrs_1/new/constraint.xdc:16]
Resolution: If [get_<value>] was used to populate the object, check to make sure this command returns at least one valid object.
WARNING: [Vivado 12-584] No ports matched 'sw_phys[2]'. [C:/Users/za10196/Desktop/project_lab6/project_lab6/project_lab6.srcs/constrs_1/new/constraint.xdc:18]
CRITICAL WARNING: [Common 17-55] 'set_property' expects at least one object. [C:/Users/za10196/Desktop/project_lab6/project_lab6/project_lab6.srcs/constrs_1/new/constraint.xdc:18]
Resolution: If [get_<value>] was used to populate the object, check to make sure this command returns at least one valid object.
WARNING: [Vivado 12-584] No ports matched 'sw_phys[2]'. [C:/Users/za10196/Desktop/project_lab6/project_lab6/project_lab6.srcs/constrs_1/new/constraint.xdc:19]
CRITICAL WARNING: [Common 17-55] 'set_property' expects at least one object. [C:/Users/za10196/Desktop/project_lab6/project_lab6/project_lab6.srcs/constrs_1/new/constraint.xdc:19]
Resolution: If [get_<value>] was used to populate the object, check to make sure this command returns at least one valid object.
WARNING: [Vivado 12-584] No ports matched 'sw_phys[3]'. [C:/Users/za10196/Desktop/project_lab6/project_lab6/project_lab6.srcs/constrs_1/new/constraint.xdc:21]
CRITICAL WARNING: [Common 17-55] 'set_property' expects at least one object. [C:/Users/za10196/Desktop/project_lab6/project_lab6/project_lab6.srcs/constrs_1/new/constraint.xdc:21]
Resolution: If [get_<value>] was used to populate the object, check to make sure this command returns at least one valid object.
WARNING: [Vivado 12-584] No ports matched 'sw_phys[3]'. [C:/Users/za10196/Desktop/project_lab6/project_lab6/project_lab6.srcs/constrs_1/new/constraint.xdc:22]
CRITICAL WARNING: [Common 17-55] 'set_property' expects at least one object. [C:/Users/za10196/Desktop/project_lab6/project_lab6/project_lab6.srcs/constrs_1/new/constraint.xdc:22]
Resolution: If [get_<value>] was used to populate the object, check to make sure this command returns at least one valid object.
WARNING: [Vivado 12-584] No ports matched 'sw_phys[4]'. [C:/Users/za10196/Desktop/project_lab6/project_lab6/project_lab6.srcs/constrs_1/new/constraint.xdc:24]
CRITICAL WARNING: [Common 17-55] 'set_property' expects at least one object. [C:/Users/za10196/Desktop/project_lab6/project_lab6/project_lab6.srcs/constrs_1/new/constraint.xdc:24]
Resolution: If [get_<value>] was used to populate the object, check to make sure this command returns at least one valid object.
WARNING: [Vivado 12-584] No ports matched 'sw_phys[4]'. [C:/Users/za10196/Desktop/project_lab6/project_lab6/project_lab6.srcs/constrs_1/new/constraint.xdc:25]
CRITICAL WARNING: [Common 17-55] 'set_property' expects at least one object. [C:/Users/za10196/Desktop/project_lab6/project_lab6/project_lab6.srcs/constrs_1/new/constraint.xdc:25]
Resolution: If [get_<value>] was used to populate the object, check to make sure this command returns at least one valid object.
WARNING: [Vivado 12-584] No ports matched 'sw_phys[5]'. [C:/Users/za10196/Desktop/project_lab6/project_lab6/project_lab6.srcs/constrs_1/new/constraint.xdc:27]
CRITICAL WARNING: [Common 17-55] 'set_property' expects at least one object. [C:/Users/za10196/Desktop/project_lab6/project_lab6/project_lab6.srcs/constrs_1/new/constraint.xdc:27]
Resolution: If [get_<value>] was used to populate the object, check to make sure this command returns at least one valid object.
WARNING: [Vivado 12-584] No ports matched 'sw_phys[5]'. [C:/Users/za10196/Desktop/project_lab6/project_lab6/project_lab6.srcs/constrs_1/new/constraint.xdc:28]
CRITICAL WARNING: [Common 17-55] 'set_property' expects at least one object. [C:/Users/za10196/Desktop/project_lab6/project_lab6/project_lab6.srcs/constrs_1/new/constraint.xdc:28]
Resolution: If [get_<value>] was used to populate the object, check to make sure this command returns at least one valid object.
WARNING: [Vivado 12-584] No ports matched 'sw_phys[6]'. [C:/Users/za10196/Desktop/project_lab6/project_lab6/project_lab6.srcs/constrs_1/new/constraint.xdc:30]
CRITICAL WARNING: [Common 17-55] 'set_property' expects at least one object. [C:/Users/za10196/Desktop/project_lab6/project_lab6/project_lab6.srcs/constrs_1/new/constraint.xdc:30]
Resolution: If [get_<value>] was used to populate the object, check to make sure this command returns at least one valid object.
WARNING: [Vivado 12-584] No ports matched 'sw_phys[6]'. [C:/Users/za10196/Desktop/project_lab6/project_lab6/project_lab6.srcs/constrs_1/new/constraint.xdc:31]
CRITICAL WARNING: [Common 17-55] 'set_property' expects at least one object. [C:/Users/za10196/Desktop/project_lab6/project_lab6/project_lab6.srcs/constrs_1/new/constraint.xdc:31]
Resolution: If [get_<value>] was used to populate the object, check to make sure this command returns at least one valid object.
WARNING: [Vivado 12-584] No ports matched 'sw_phys[7]'. [C:/Users/za10196/Desktop/project_lab6/project_lab6/project_lab6.srcs/constrs_1/new/constraint.xdc:33]
CRITICAL WARNING: [Common 17-55] 'set_property' expects at least one object. [C:/Users/za10196/Desktop/project_lab6/project_lab6/project_lab6.srcs/constrs_1/new/constraint.xdc:33]
Resolution: If [get_<value>] was used to populate the object, check to make sure this command returns at least one valid object.
WARNING: [Vivado 12-584] No ports matched 'sw_phys[7]'. [C:/Users/za10196/Desktop/project_lab6/project_lab6/project_lab6.srcs/constrs_1/new/constraint.xdc:34]
CRITICAL WARNING: [Common 17-55] 'set_property' expects at least one object. [C:/Users/za10196/Desktop/project_lab6/project_lab6/project_lab6.srcs/constrs_1/new/constraint.xdc:34]
Resolution: If [get_<value>] was used to populate the object, check to make sure this command returns at least one valid object.
WARNING: [Vivado 12-584] No ports matched 'sw_phys[8]'. [C:/Users/za10196/Desktop/project_lab6/project_lab6/project_lab6.srcs/constrs_1/new/constraint.xdc:36]
CRITICAL WARNING: [Common 17-55] 'set_property' expects at least one object. [C:/Users/za10196/Desktop/project_lab6/project_lab6/project_lab6.srcs/constrs_1/new/constraint.xdc:36]
Resolution: If [get_<value>] was used to populate the object, check to make sure this command returns at least one valid object.
WARNING: [Vivado 12-584] No ports matched 'sw_phys[8]'. [C:/Users/za10196/Desktop/project_lab6/project_lab6/project_lab6.srcs/constrs_1/new/constraint.xdc:37]
CRITICAL WARNING: [Common 17-55] 'set_property' expects at least one object. [C:/Users/za10196/Desktop/project_lab6/project_lab6/project_lab6.srcs/constrs_1/new/constraint.xdc:37]
Resolution: If [get_<value>] was used to populate the object, check to make sure this command returns at least one valid object.
WARNING: [Vivado 12-584] No ports matched 'sw_phys[9]'. [C:/Users/za10196/Desktop/project_lab6/project_lab6/project_lab6.srcs/constrs_1/new/constraint.xdc:39]
CRITICAL WARNING: [Common 17-55] 'set_property' expects at least one object. [C:/Users/za10196/Desktop/project_lab6/project_lab6/project_lab6.srcs/constrs_1/new/constraint.xdc:39]
Resolution: If [get_<value>] was used to populate the object, check to make sure this command returns at least one valid object.
WARNING: [Vivado 12-584] No ports matched 'sw_phys[9]'. [C:/Users/za10196/Desktop/project_lab6/project_lab6/project_lab6.srcs/constrs_1/new/constraint.xdc:40]
CRITICAL WARNING: [Common 17-55] 'set_property' expects at least one object. [C:/Users/za10196/Desktop/project_lab6/project_lab6/project_lab6.srcs/constrs_1/new/constraint.xdc:40]
Resolution: If [get_<value>] was used to populate the object, check to make sure this command returns at least one valid object.
WARNING: [Vivado 12-584] No ports matched 'sw_phys[10]'. [C:/Users/za10196/Desktop/project_lab6/project_lab6/project_lab6.srcs/constrs_1/new/constraint.xdc:42]
CRITICAL WARNING: [Common 17-55] 'set_property' expects at least one object. [C:/Users/za10196/Desktop/project_lab6/project_lab6/project_lab6.srcs/constrs_1/new/constraint.xdc:42]
Resolution: If [get_<value>] was used to populate the object, check to make sure this command returns at least one valid object.
WARNING: [Vivado 12-584] No ports matched 'sw_phys[10]'. [C:/Users/za10196/Desktop/project_lab6/project_lab6/project_lab6.srcs/constrs_1/new/constraint.xdc:43]
CRITICAL WARNING: [Common 17-55] 'set_property' expects at least one object. [C:/Users/za10196/Desktop/project_lab6/project_lab6/project_lab6.srcs/constrs_1/new/constraint.xdc:43]
Resolution: If [get_<value>] was used to populate the object, check to make sure this command returns at least one valid object.
WARNING: [Vivado 12-584] No ports matched 'sw_phys[11]'. [C:/Users/za10196/Desktop/project_lab6/project_lab6/project_lab6.srcs/constrs_1/new/constraint.xdc:45]
CRITICAL WARNING: [Common 17-55] 'set_property' expects at least one object. [C:/Users/za10196/Desktop/project_lab6/project_lab6/project_lab6.srcs/constrs_1/new/constraint.xdc:45]
Resolution: If [get_<value>] was used to populate the object, check to make sure this command returns at least one valid object.
WARNING: [Vivado 12-584] No ports matched 'sw_phys[11]'. [C:/Users/za10196/Desktop/project_lab6/project_lab6/project_lab6.srcs/constrs_1/new/constraint.xdc:46]
CRITICAL WARNING: [Common 17-55] 'set_property' expects at least one object. [C:/Users/za10196/Desktop/project_lab6/project_lab6/project_lab6.srcs/constrs_1/new/constraint.xdc:46]
Resolution: If [get_<value>] was used to populate the object, check to make sure this command returns at least one valid object.
WARNING: [Vivado 12-584] No ports matched 'sw_phys[12]'. [C:/Users/za10196/Desktop/project_lab6/project_lab6/project_lab6.srcs/constrs_1/new/constraint.xdc:48]
CRITICAL WARNING: [Common 17-55] 'set_property' expects at least one object. [C:/Users/za10196/Desktop/project_lab6/project_lab6/project_lab6.srcs/constrs_1/new/constraint.xdc:48]
Resolution: If [get_<value>] was used to populate the object, check to make sure this command returns at least one valid object.
WARNING: [Vivado 12-584] No ports matched 'sw_phys[12]'. [C:/Users/za10196/Desktop/project_lab6/project_lab6/project_lab6.srcs/constrs_1/new/constraint.xdc:49]
CRITICAL WARNING: [Common 17-55] 'set_property' expects at least one object. [C:/Users/za10196/Desktop/project_lab6/project_lab6/project_lab6.srcs/constrs_1/new/constraint.xdc:49]
Resolution: If [get_<value>] was used to populate the object, check to make sure this command returns at least one valid object.
WARNING: [Vivado 12-584] No ports matched 'sw_phys[13]'. [C:/Users/za10196/Desktop/project_lab6/project_lab6/project_lab6.srcs/constrs_1/new/constraint.xdc:51]
CRITICAL WARNING: [Common 17-55] 'set_property' expects at least one object. [C:/Users/za10196/Desktop/project_lab6/project_lab6/project_lab6.srcs/constrs_1/new/constraint.xdc:51]
Resolution: If [get_<value>] was used to populate the object, check to make sure this command returns at least one valid object.
WARNING: [Vivado 12-584] No ports matched 'sw_phys[13]'. [C:/Users/za10196/Desktop/project_lab6/project_lab6/project_lab6.srcs/constrs_1/new/constraint.xdc:52]
CRITICAL WARNING: [Common 17-55] 'set_property' expects at least one object. [C:/Users/za10196/Desktop/project_lab6/project_lab6/project_lab6.srcs/constrs_1/new/constraint.xdc:52]
Resolution: If [get_<value>] was used to populate the object, check to make sure this command returns at least one valid object.
WARNING: [Vivado 12-584] No ports matched 'sw_phys[14]'. [C:/Users/za10196/Desktop/project_lab6/project_lab6/project_lab6.srcs/constrs_1/new/constraint.xdc:54]
CRITICAL WARNING: [Common 17-55] 'set_property' expects at least one object. [C:/Users/za10196/Desktop/project_lab6/project_lab6/project_lab6.srcs/constrs_1/new/constraint.xdc:54]
Resolution: If [get_<value>] was used to populate the object, check to make sure this command returns at least one valid object.
WARNING: [Vivado 12-584] No ports matched 'sw_phys[14]'. [C:/Users/za10196/Desktop/project_lab6/project_lab6/project_lab6.srcs/constrs_1/new/constraint.xdc:55]
CRITICAL WARNING: [Common 17-55] 'set_property' expects at least one object. [C:/Users/za10196/Desktop/project_lab6/project_lab6/project_lab6.srcs/constrs_1/new/constraint.xdc:55]
Resolution: If [get_<value>] was used to populate the object, check to make sure this command returns at least one valid object.
WARNING: [Vivado 12-584] No ports matched 'sw_phys[15]'. [C:/Users/za10196/Desktop/project_lab6/project_lab6/project_lab6.srcs/constrs_1/new/constraint.xdc:57]
CRITICAL WARNING: [Common 17-55] 'set_property' expects at least one object. [C:/Users/za10196/Desktop/project_lab6/project_lab6/project_lab6.srcs/constrs_1/new/constraint.xdc:57]
Resolution: If [get_<value>] was used to populate the object, check to make sure this command returns at least one valid object.
WARNING: [Vivado 12-584] No ports matched 'sw_phys[15]'. [C:/Users/za10196/Desktop/project_lab6/project_lab6/project_lab6.srcs/constrs_1/new/constraint.xdc:58]
CRITICAL WARNING: [Common 17-55] 'set_property' expects at least one object. [C:/Users/za10196/Desktop/project_lab6/project_lab6/project_lab6.srcs/constrs_1/new/constraint.xdc:58]
Resolution: If [get_<value>] was used to populate the object, check to make sure this command returns at least one valid object.
WARNING: [Vivado 12-584] No ports matched 'led_phys[0]'. [C:/Users/za10196/Desktop/project_lab6/project_lab6/project_lab6.srcs/constrs_1/new/constraint.xdc:63]
CRITICAL WARNING: [Common 17-55] 'set_property' expects at least one object. [C:/Users/za10196/Desktop/project_lab6/project_lab6/project_lab6.srcs/constrs_1/new/constraint.xdc:63]
Resolution: If [get_<value>] was used to populate the object, check to make sure this command returns at least one valid object.
WARNING: [Vivado 12-584] No ports matched 'led_phys[0]'. [C:/Users/za10196/Desktop/project_lab6/project_lab6/project_lab6.srcs/constrs_1/new/constraint.xdc:64]
CRITICAL WARNING: [Common 17-55] 'set_property' expects at least one object. [C:/Users/za10196/Desktop/project_lab6/project_lab6/project_lab6.srcs/constrs_1/new/constraint.xdc:64]
Resolution: If [get_<value>] was used to populate the object, check to make sure this command returns at least one valid object.
WARNING: [Vivado 12-584] No ports matched 'led_phys[1]'. [C:/Users/za10196/Desktop/project_lab6/project_lab6/project_lab6.srcs/constrs_1/new/constraint.xdc:66]
CRITICAL WARNING: [Common 17-55] 'set_property' expects at least one object. [C:/Users/za10196/Desktop/project_lab6/project_lab6/project_lab6.srcs/constrs_1/new/constraint.xdc:66]
Resolution: If [get_<value>] was used to populate the object, check to make sure this command returns at least one valid object.
WARNING: [Vivado 12-584] No ports matched 'led_phys[1]'. [C:/Users/za10196/Desktop/project_lab6/project_lab6/project_lab6.srcs/constrs_1/new/constraint.xdc:67]
CRITICAL WARNING: [Common 17-55] 'set_property' expects at least one object. [C:/Users/za10196/Desktop/project_lab6/project_lab6/project_lab6.srcs/constrs_1/new/constraint.xdc:67]
Resolution: If [get_<value>] was used to populate the object, check to make sure this command returns at least one valid object.
WARNING: [Vivado 12-584] No ports matched 'led_phys[2]'. [C:/Users/za10196/Desktop/project_lab6/project_lab6/project_lab6.srcs/constrs_1/new/constraint.xdc:69]
CRITICAL WARNING: [Common 17-55] 'set_property' expects at least one object. [C:/Users/za10196/Desktop/project_lab6/project_lab6/project_lab6.srcs/constrs_1/new/constraint.xdc:69]
Resolution: If [get_<value>] was used to populate the object, check to make sure this command returns at least one valid object.
WARNING: [Vivado 12-584] No ports matched 'led_phys[2]'. [C:/Users/za10196/Desktop/project_lab6/project_lab6/project_lab6.srcs/constrs_1/new/constraint.xdc:70]
CRITICAL WARNING: [Common 17-55] 'set_property' expects at least one object. [C:/Users/za10196/Desktop/project_lab6/project_lab6/project_lab6.srcs/constrs_1/new/constraint.xdc:70]
Resolution: If [get_<value>] was used to populate the object, check to make sure this command returns at least one valid object.
WARNING: [Vivado 12-584] No ports matched 'led_phys[3]'. [C:/Users/za10196/Desktop/project_lab6/project_lab6/project_lab6.srcs/constrs_1/new/constraint.xdc:72]
CRITICAL WARNING: [Common 17-55] 'set_property' expects at least one object. [C:/Users/za10196/Desktop/project_lab6/project_lab6/project_lab6.srcs/constrs_1/new/constraint.xdc:72]
Resolution: If [get_<value>] was used to populate the object, check to make sure this command returns at least one valid object.
WARNING: [Vivado 12-584] No ports matched 'led_phys[3]'. [C:/Users/za10196/Desktop/project_lab6/project_lab6/project_lab6.srcs/constrs_1/new/constraint.xdc:73]
CRITICAL WARNING: [Common 17-55] 'set_property' expects at least one object. [C:/Users/za10196/Desktop/project_lab6/project_lab6/project_lab6.srcs/constrs_1/new/constraint.xdc:73]
Resolution: If [get_<value>] was used to populate the object, check to make sure this command returns at least one valid object.
WARNING: [Vivado 12-584] No ports matched 'led_phys[4]'. [C:/Users/za10196/Desktop/project_lab6/project_lab6/project_lab6.srcs/constrs_1/new/constraint.xdc:75]
CRITICAL WARNING: [Common 17-55] 'set_property' expects at least one object. [C:/Users/za10196/Desktop/project_lab6/project_lab6/project_lab6.srcs/constrs_1/new/constraint.xdc:75]
Resolution: If [get_<value>] was used to populate the object, check to make sure this command returns at least one valid object.
WARNING: [Vivado 12-584] No ports matched 'led_phys[4]'. [C:/Users/za10196/Desktop/project_lab6/project_lab6/project_lab6.srcs/constrs_1/new/constraint.xdc:76]
CRITICAL WARNING: [Common 17-55] 'set_property' expects at least one object. [C:/Users/za10196/Desktop/project_lab6/project_lab6/project_lab6.srcs/constrs_1/new/constraint.xdc:76]
Resolution: If [get_<value>] was used to populate the object, check to make sure this command returns at least one valid object.
WARNING: [Vivado 12-584] No ports matched 'led_phys[5]'. [C:/Users/za10196/Desktop/project_lab6/project_lab6/project_lab6.srcs/constrs_1/new/constraint.xdc:78]
CRITICAL WARNING: [Common 17-55] 'set_property' expects at least one object. [C:/Users/za10196/Desktop/project_lab6/project_lab6/project_lab6.srcs/constrs_1/new/constraint.xdc:78]
Resolution: If [get_<value>] was used to populate the object, check to make sure this command returns at least one valid object.
WARNING: [Vivado 12-584] No ports matched 'led_phys[5]'. [C:/Users/za10196/Desktop/project_lab6/project_lab6/project_lab6.srcs/constrs_1/new/constraint.xdc:79]
CRITICAL WARNING: [Common 17-55] 'set_property' expects at least one object. [C:/Users/za10196/Desktop/project_lab6/project_lab6/project_lab6.srcs/constrs_1/new/constraint.xdc:79]
Resolution: If [get_<value>] was used to populate the object, check to make sure this command returns at least one valid object.
WARNING: [Vivado 12-584] No ports matched 'led_phys[6]'. [C:/Users/za10196/Desktop/project_lab6/project_lab6/project_lab6.srcs/constrs_1/new/constraint.xdc:81]
CRITICAL WARNING: [Common 17-55] 'set_property' expects at least one object. [C:/Users/za10196/Desktop/project_lab6/project_lab6/project_lab6.srcs/constrs_1/new/constraint.xdc:81]
Resolution: If [get_<value>] was used to populate the object, check to make sure this command returns at least one valid object.
WARNING: [Vivado 12-584] No ports matched 'led_phys[6]'. [C:/Users/za10196/Desktop/project_lab6/project_lab6/project_lab6.srcs/constrs_1/new/constraint.xdc:82]
CRITICAL WARNING: [Common 17-55] 'set_property' expects at least one object. [C:/Users/za10196/Desktop/project_lab6/project_lab6/project_lab6.srcs/constrs_1/new/constraint.xdc:82]
Resolution: If [get_<value>] was used to populate the object, check to make sure this command returns at least one valid object.
WARNING: [Vivado 12-584] No ports matched 'led_phys[7]'. [C:/Users/za10196/Desktop/project_lab6/project_lab6/project_lab6.srcs/constrs_1/new/constraint.xdc:84]
CRITICAL WARNING: [Common 17-55] 'set_property' expects at least one object. [C:/Users/za10196/Desktop/project_lab6/project_lab6/project_lab6.srcs/constrs_1/new/constraint.xdc:84]
Resolution: If [get_<value>] was used to populate the object, check to make sure this command returns at least one valid object.
WARNING: [Vivado 12-584] No ports matched 'led_phys[7]'. [C:/Users/za10196/Desktop/project_lab6/project_lab6/project_lab6.srcs/constrs_1/new/constraint.xdc:85]
CRITICAL WARNING: [Common 17-55] 'set_property' expects at least one object. [C:/Users/za10196/Desktop/project_lab6/project_lab6/project_lab6.srcs/constrs_1/new/constraint.xdc:85]
Resolution: If [get_<value>] was used to populate the object, check to make sure this command returns at least one valid object.
WARNING: [Vivado 12-584] No ports matched 'led_phys[8]'. [C:/Users/za10196/Desktop/project_lab6/project_lab6/project_lab6.srcs/constrs_1/new/constraint.xdc:87]
CRITICAL WARNING: [Common 17-55] 'set_property' expects at least one object. [C:/Users/za10196/Desktop/project_lab6/project_lab6/project_lab6.srcs/constrs_1/new/constraint.xdc:87]
Resolution: If [get_<value>] was used to populate the object, check to make sure this command returns at least one valid object.
WARNING: [Vivado 12-584] No ports matched 'led_phys[8]'. [C:/Users/za10196/Desktop/project_lab6/project_lab6/project_lab6.srcs/constrs_1/new/constraint.xdc:88]
CRITICAL WARNING: [Common 17-55] 'set_property' expects at least one object. [C:/Users/za10196/Desktop/project_lab6/project_lab6/project_lab6.srcs/constrs_1/new/constraint.xdc:88]
Resolution: If [get_<value>] was used to populate the object, check to make sure this command returns at least one valid object.
WARNING: [Vivado 12-584] No ports matched 'led_phys[9]'. [C:/Users/za10196/Desktop/project_lab6/project_lab6/project_lab6.srcs/constrs_1/new/constraint.xdc:90]
CRITICAL WARNING: [Common 17-55] 'set_property' expects at least one object. [C:/Users/za10196/Desktop/project_lab6/project_lab6/project_lab6.srcs/constrs_1/new/constraint.xdc:90]
Resolution: If [get_<value>] was used to populate the object, check to make sure this command returns at least one valid object.
WARNING: [Vivado 12-584] No ports matched 'led_phys[9]'. [C:/Users/za10196/Desktop/project_lab6/project_lab6/project_lab6.srcs/constrs_1/new/constraint.xdc:91]
CRITICAL WARNING: [Common 17-55] 'set_property' expects at least one object. [C:/Users/za10196/Desktop/project_lab6/project_lab6/project_lab6.srcs/constrs_1/new/constraint.xdc:91]
Resolution: If [get_<value>] was used to populate the object, check to make sure this command returns at least one valid object.
WARNING: [Vivado 12-584] No ports matched 'led_phys[10]'. [C:/Users/za10196/Desktop/project_lab6/project_lab6/project_lab6.srcs/constrs_1/new/constraint.xdc:93]
CRITICAL WARNING: [Common 17-55] 'set_property' expects at least one object. [C:/Users/za10196/Desktop/project_lab6/project_lab6/project_lab6.srcs/constrs_1/new/constraint.xdc:93]
Resolution: If [get_<value>] was used to populate the object, check to make sure this command returns at least one valid object.
WARNING: [Vivado 12-584] No ports matched 'led_phys[10]'. [C:/Users/za10196/Desktop/project_lab6/project_lab6/project_lab6.srcs/constrs_1/new/constraint.xdc:94]
CRITICAL WARNING: [Common 17-55] 'set_property' expects at least one object. [C:/Users/za10196/Desktop/project_lab6/project_lab6/project_lab6.srcs/constrs_1/new/constraint.xdc:94]
Resolution: If [get_<value>] was used to populate the object, check to make sure this command returns at least one valid object.
WARNING: [Vivado 12-584] No ports matched 'led_phys[11]'. [C:/Users/za10196/Desktop/project_lab6/project_lab6/project_lab6.srcs/constrs_1/new/constraint.xdc:96]
CRITICAL WARNING: [Common 17-55] 'set_property' expects at least one object. [C:/Users/za10196/Desktop/project_lab6/project_lab6/project_lab6.srcs/constrs_1/new/constraint.xdc:96]
Resolution: If [get_<value>] was used to populate the object, check to make sure this command returns at least one valid object.
WARNING: [Vivado 12-584] No ports matched 'led_phys[11]'. [C:/Users/za10196/Desktop/project_lab6/project_lab6/project_lab6.srcs/constrs_1/new/constraint.xdc:97]
CRITICAL WARNING: [Common 17-55] 'set_property' expects at least one object. [C:/Users/za10196/Desktop/project_lab6/project_lab6/project_lab6.srcs/constrs_1/new/constraint.xdc:97]
Resolution: If [get_<value>] was used to populate the object, check to make sure this command returns at least one valid object.
WARNING: [Vivado 12-584] No ports matched 'led_phys[12]'. [C:/Users/za10196/Desktop/project_lab6/project_lab6/project_lab6.srcs/constrs_1/new/constraint.xdc:99]
CRITICAL WARNING: [Common 17-55] 'set_property' expects at least one object. [C:/Users/za10196/Desktop/project_lab6/project_lab6/project_lab6.srcs/constrs_1/new/constraint.xdc:99]
Resolution: If [get_<value>] was used to populate the object, check to make sure this command returns at least one valid object.
WARNING: [Vivado 12-584] No ports matched 'led_phys[12]'. [C:/Users/za10196/Desktop/project_lab6/project_lab6/project_lab6.srcs/constrs_1/new/constraint.xdc:100]
CRITICAL WARNING: [Common 17-55] 'set_property' expects at least one object. [C:/Users/za10196/Desktop/project_lab6/project_lab6/project_lab6.srcs/constrs_1/new/constraint.xdc:100]
Resolution: If [get_<value>] was used to populate the object, check to make sure this command returns at least one valid object.
WARNING: [Vivado 12-584] No ports matched 'led_phys[13]'. [C:/Users/za10196/Desktop/project_lab6/project_lab6/project_lab6.srcs/constrs_1/new/constraint.xdc:102]
CRITICAL WARNING: [Common 17-55] 'set_property' expects at least one object. [C:/Users/za10196/Desktop/project_lab6/project_lab6/project_lab6.srcs/constrs_1/new/constraint.xdc:102]
Resolution: If [get_<value>] was used to populate the object, check to make sure this command returns at least one valid object.
WARNING: [Vivado 12-584] No ports matched 'led_phys[13]'. [C:/Users/za10196/Desktop/project_lab6/project_lab6/project_lab6.srcs/constrs_1/new/constraint.xdc:103]
CRITICAL WARNING: [Common 17-55] 'set_property' expects at least one object. [C:/Users/za10196/Desktop/project_lab6/project_lab6/project_lab6.srcs/constrs_1/new/constraint.xdc:103]
Resolution: If [get_<value>] was used to populate the object, check to make sure this command returns at least one valid object.
WARNING: [Vivado 12-584] No ports matched 'led_phys[14]'. [C:/Users/za10196/Desktop/project_lab6/project_lab6/project_lab6.srcs/constrs_1/new/constraint.xdc:105]
CRITICAL WARNING: [Common 17-55] 'set_property' expects at least one object. [C:/Users/za10196/Desktop/project_lab6/project_lab6/project_lab6.srcs/constrs_1/new/constraint.xdc:105]
Resolution: If [get_<value>] was used to populate the object, check to make sure this command returns at least one valid object.
WARNING: [Vivado 12-584] No ports matched 'led_phys[14]'. [C:/Users/za10196/Desktop/project_lab6/project_lab6/project_lab6.srcs/constrs_1/new/constraint.xdc:106]
CRITICAL WARNING: [Common 17-55] 'set_property' expects at least one object. [C:/Users/za10196/Desktop/project_lab6/project_lab6/project_lab6.srcs/constrs_1/new/constraint.xdc:106]
Resolution: If [get_<value>] was used to populate the object, check to make sure this command returns at least one valid object.
WARNING: [Vivado 12-584] No ports matched 'led_phys[15]'. [C:/Users/za10196/Desktop/project_lab6/project_lab6/project_lab6.srcs/constrs_1/new/constraint.xdc:108]
CRITICAL WARNING: [Common 17-55] 'set_property' expects at least one object. [C:/Users/za10196/Desktop/project_lab6/project_lab6/project_lab6.srcs/constrs_1/new/constraint.xdc:108]
Resolution: If [get_<value>] was used to populate the object, check to make sure this command returns at least one valid object.
WARNING: [Vivado 12-584] No ports matched 'led_phys[15]'. [C:/Users/za10196/Desktop/project_lab6/project_lab6/project_lab6.srcs/constrs_1/new/constraint.xdc:109]
CRITICAL WARNING: [Common 17-55] 'set_property' expects at least one object. [C:/Users/za10196/Desktop/project_lab6/project_lab6/project_lab6.srcs/constrs_1/new/constraint.xdc:109]
Resolution: If [get_<value>] was used to populate the object, check to make sure this command returns at least one valid object.
WARNING: [Vivado 12-584] No ports matched 'seg[0]'. [C:/Users/za10196/Desktop/project_lab6/project_lab6/project_lab6.srcs/constrs_1/new/constraint.xdc:114]
CRITICAL WARNING: [Common 17-55] 'set_property' expects at least one object. [C:/Users/za10196/Desktop/project_lab6/project_lab6/project_lab6.srcs/constrs_1/new/constraint.xdc:114]
Resolution: If [get_<value>] was used to populate the object, check to make sure this command returns at least one valid object.
WARNING: [Vivado 12-584] No ports matched 'seg[0]'. [C:/Users/za10196/Desktop/project_lab6/project_lab6/project_lab6.srcs/constrs_1/new/constraint.xdc:115]
CRITICAL WARNING: [Common 17-55] 'set_property' expects at least one object. [C:/Users/za10196/Desktop/project_lab6/project_lab6/project_lab6.srcs/constrs_1/new/constraint.xdc:115]
Resolution: If [get_<value>] was used to populate the object, check to make sure this command returns at least one valid object.
WARNING: [Vivado 12-584] No ports matched 'seg[1]'. [C:/Users/za10196/Desktop/project_lab6/project_lab6/project_lab6.srcs/constrs_1/new/constraint.xdc:117]
CRITICAL WARNING: [Common 17-55] 'set_property' expects at least one object. [C:/Users/za10196/Desktop/project_lab6/project_lab6/project_lab6.srcs/constrs_1/new/constraint.xdc:117]
Resolution: If [get_<value>] was used to populate the object, check to make sure this command returns at least one valid object.
WARNING: [Vivado 12-584] No ports matched 'seg[1]'. [C:/Users/za10196/Desktop/project_lab6/project_lab6/project_lab6.srcs/constrs_1/new/constraint.xdc:118]
CRITICAL WARNING: [Common 17-55] 'set_property' expects at least one object. [C:/Users/za10196/Desktop/project_lab6/project_lab6/project_lab6.srcs/constrs_1/new/constraint.xdc:118]
Resolution: If [get_<value>] was used to populate the object, check to make sure this command returns at least one valid object.
WARNING: [Vivado 12-584] No ports matched 'seg[2]'. [C:/Users/za10196/Desktop/project_lab6/project_lab6/project_lab6.srcs/constrs_1/new/constraint.xdc:120]
CRITICAL WARNING: [Common 17-55] 'set_property' expects at least one object. [C:/Users/za10196/Desktop/project_lab6/project_lab6/project_lab6.srcs/constrs_1/new/constraint.xdc:120]
Resolution: If [get_<value>] was used to populate the object, check to make sure this command returns at least one valid object.
WARNING: [Vivado 12-584] No ports matched 'seg[2]'. [C:/Users/za10196/Desktop/project_lab6/project_lab6/project_lab6.srcs/constrs_1/new/constraint.xdc:121]
CRITICAL WARNING: [Common 17-55] 'set_property' expects at least one object. [C:/Users/za10196/Desktop/project_lab6/project_lab6/project_lab6.srcs/constrs_1/new/constraint.xdc:121]
Resolution: If [get_<value>] was used to populate the object, check to make sure this command returns at least one valid object.
WARNING: [Vivado 12-584] No ports matched 'seg[3]'. [C:/Users/za10196/Desktop/project_lab6/project_lab6/project_lab6.srcs/constrs_1/new/constraint.xdc:123]
CRITICAL WARNING: [Common 17-55] 'set_property' expects at least one object. [C:/Users/za10196/Desktop/project_lab6/project_lab6/project_lab6.srcs/constrs_1/new/constraint.xdc:123]
Resolution: If [get_<value>] was used to populate the object, check to make sure this command returns at least one valid object.
WARNING: [Vivado 12-584] No ports matched 'seg[3]'. [C:/Users/za10196/Desktop/project_lab6/project_lab6/project_lab6.srcs/constrs_1/new/constraint.xdc:124]
CRITICAL WARNING: [Common 17-55] 'set_property' expects at least one object. [C:/Users/za10196/Desktop/project_lab6/project_lab6/project_lab6.srcs/constrs_1/new/constraint.xdc:124]
Resolution: If [get_<value>] was used to populate the object, check to make sure this command returns at least one valid object.
WARNING: [Vivado 12-584] No ports matched 'seg[4]'. [C:/Users/za10196/Desktop/project_lab6/project_lab6/project_lab6.srcs/constrs_1/new/constraint.xdc:126]
CRITICAL WARNING: [Common 17-55] 'set_property' expects at least one object. [C:/Users/za10196/Desktop/project_lab6/project_lab6/project_lab6.srcs/constrs_1/new/constraint.xdc:126]
Resolution: If [get_<value>] was used to populate the object, check to make sure this command returns at least one valid object.
WARNING: [Vivado 12-584] No ports matched 'seg[4]'. [C:/Users/za10196/Desktop/project_lab6/project_lab6/project_lab6.srcs/constrs_1/new/constraint.xdc:127]
CRITICAL WARNING: [Common 17-55] 'set_property' expects at least one object. [C:/Users/za10196/Desktop/project_lab6/project_lab6/project_lab6.srcs/constrs_1/new/constraint.xdc:127]
Resolution: If [get_<value>] was used to populate the object, check to make sure this command returns at least one valid object.
WARNING: [Vivado 12-584] No ports matched 'seg[5]'. [C:/Users/za10196/Desktop/project_lab6/project_lab6/project_lab6.srcs/constrs_1/new/constraint.xdc:129]
CRITICAL WARNING: [Common 17-55] 'set_property' expects at least one object. [C:/Users/za10196/Desktop/project_lab6/project_lab6/project_lab6.srcs/constrs_1/new/constraint.xdc:129]
Resolution: If [get_<value>] was used to populate the object, check to make sure this command returns at least one valid object.
WARNING: [Vivado 12-584] No ports matched 'seg[5]'. [C:/Users/za10196/Desktop/project_lab6/project_lab6/project_lab6.srcs/constrs_1/new/constraint.xdc:130]
CRITICAL WARNING: [Common 17-55] 'set_property' expects at least one object. [C:/Users/za10196/Desktop/project_lab6/project_lab6/project_lab6.srcs/constrs_1/new/constraint.xdc:130]
Resolution: If [get_<value>] was used to populate the object, check to make sure this command returns at least one valid object.
WARNING: [Vivado 12-584] No ports matched 'seg[6]'. [C:/Users/za10196/Desktop/project_lab6/project_lab6/project_lab6.srcs/constrs_1/new/constraint.xdc:132]
CRITICAL WARNING: [Common 17-55] 'set_property' expects at least one object. [C:/Users/za10196/Desktop/project_lab6/project_lab6/project_lab6.srcs/constrs_1/new/constraint.xdc:132]
Resolution: If [get_<value>] was used to populate the object, check to make sure this command returns at least one valid object.
WARNING: [Vivado 12-584] No ports matched 'seg[6]'. [C:/Users/za10196/Desktop/project_lab6/project_lab6/project_lab6.srcs/constrs_1/new/constraint.xdc:133]
CRITICAL WARNING: [Common 17-55] 'set_property' expects at least one object. [C:/Users/za10196/Desktop/project_lab6/project_lab6/project_lab6.srcs/constrs_1/new/constraint.xdc:133]
Resolution: If [get_<value>] was used to populate the object, check to make sure this command returns at least one valid object.
WARNING: [Vivado 12-584] No ports matched 'an[0]'. [C:/Users/za10196/Desktop/project_lab6/project_lab6/project_lab6.srcs/constrs_1/new/constraint.xdc:138]
CRITICAL WARNING: [Common 17-55] 'set_property' expects at least one object. [C:/Users/za10196/Desktop/project_lab6/project_lab6/project_lab6.srcs/constrs_1/new/constraint.xdc:138]
Resolution: If [get_<value>] was used to populate the object, check to make sure this command returns at least one valid object.
WARNING: [Vivado 12-584] No ports matched 'an[0]'. [C:/Users/za10196/Desktop/project_lab6/project_lab6/project_lab6.srcs/constrs_1/new/constraint.xdc:139]
CRITICAL WARNING: [Common 17-55] 'set_property' expects at least one object. [C:/Users/za10196/Desktop/project_lab6/project_lab6/project_lab6.srcs/constrs_1/new/constraint.xdc:139]
Resolution: If [get_<value>] was used to populate the object, check to make sure this command returns at least one valid object.
WARNING: [Vivado 12-584] No ports matched 'an[1]'. [C:/Users/za10196/Desktop/project_lab6/project_lab6/project_lab6.srcs/constrs_1/new/constraint.xdc:141]
CRITICAL WARNING: [Common 17-55] 'set_property' expects at least one object. [C:/Users/za10196/Desktop/project_lab6/project_lab6/project_lab6.srcs/constrs_1/new/constraint.xdc:141]
Resolution: If [get_<value>] was used to populate the object, check to make sure this command returns at least one valid object.
WARNING: [Vivado 12-584] No ports matched 'an[1]'. [C:/Users/za10196/Desktop/project_lab6/project_lab6/project_lab6.srcs/constrs_1/new/constraint.xdc:142]
CRITICAL WARNING: [Common 17-55] 'set_property' expects at least one object. [C:/Users/za10196/Desktop/project_lab6/project_lab6/project_lab6.srcs/constrs_1/new/constraint.xdc:142]
Resolution: If [get_<value>] was used to populate the object, check to make sure this command returns at least one valid object.
WARNING: [Vivado 12-584] No ports matched 'an[2]'. [C:/Users/za10196/Desktop/project_lab6/project_lab6/project_lab6.srcs/constrs_1/new/constraint.xdc:144]
CRITICAL WARNING: [Common 17-55] 'set_property' expects at least one object. [C:/Users/za10196/Desktop/project_lab6/project_lab6/project_lab6.srcs/constrs_1/new/constraint.xdc:144]
Resolution: If [get_<value>] was used to populate the object, check to make sure this command returns at least one valid object.
WARNING: [Vivado 12-584] No ports matched 'an[2]'. [C:/Users/za10196/Desktop/project_lab6/project_lab6/project_lab6.srcs/constrs_1/new/constraint.xdc:145]
CRITICAL WARNING: [Common 17-55] 'set_property' expects at least one object. [C:/Users/za10196/Desktop/project_lab6/project_lab6/project_lab6.srcs/constrs_1/new/constraint.xdc:145]
Resolution: If [get_<value>] was used to populate the object, check to make sure this command returns at least one valid object.
WARNING: [Vivado 12-584] No ports matched 'an[3]'. [C:/Users/za10196/Desktop/project_lab6/project_lab6/project_lab6.srcs/constrs_1/new/constraint.xdc:147]
CRITICAL WARNING: [Common 17-55] 'set_property' expects at least one object. [C:/Users/za10196/Desktop/project_lab6/project_lab6/project_lab6.srcs/constrs_1/new/constraint.xdc:147]
Resolution: If [get_<value>] was used to populate the object, check to make sure this command returns at least one valid object.
WARNING: [Vivado 12-584] No ports matched 'an[3]'. [C:/Users/za10196/Desktop/project_lab6/project_lab6/project_lab6.srcs/constrs_1/new/constraint.xdc:148]
CRITICAL WARNING: [Common 17-55] 'set_property' expects at least one object. [C:/Users/za10196/Desktop/project_lab6/project_lab6/project_lab6.srcs/constrs_1/new/constraint.xdc:148]
Resolution: If [get_<value>] was used to populate the object, check to make sure this command returns at least one valid object.
Finished Parsing XDC File [C:/Users/za10196/Desktop/project_lab6/project_lab6/project_lab6.srcs/constrs_1/new/constraint.xdc]
INFO: [Project 1-236] Implementation specific constraints were found while reading constraint file [C:/Users/za10196/Desktop/project_lab6/project_lab6/project_lab6.srcs/constrs_1/new/constraint.xdc]. These constraints will be ignored for synthesis but will be used in implementation. Impacted constraints are listed in the file [.Xil/RegisterFile_propImpl.xdc].
Resolution: To avoid this warning, move constraints listed in [.Xil/RegisterFile_propImpl.xdc] to another XDC file and exclude this new file from synthesis with the used_in_synthesis property (File Properties dialog in GUI) and re-run elaboration/synthesis.
Completed Processing XDC Constraints

Netlist sorting complete. Time (s): cpu = 00:00:00 ; elapsed = 00:00:00 . Memory (MB): peak = 1059.641 ; gain = 0.000
INFO: [Project 1-111] Unisim Transformation Summary:
No Unisim elements were transformed.

Constraint Validation Runtime : Time (s): cpu = 00:00:00 ; elapsed = 00:00:00.004 . Memory (MB): peak = 1059.641 ; gain = 0.000
---------------------------------------------------------------------------------
Finished Constraint Validation : Time (s): cpu = 00:00:07 ; elapsed = 00:00:07 . Memory (MB): peak = 1059.641 ; gain = 34.375
---------------------------------------------------------------------------------
---------------------------------------------------------------------------------
Start Loading Part and Timing Information
---------------------------------------------------------------------------------
Loading part: xc7a35tcpg236-1
---------------------------------------------------------------------------------
Finished Loading Part and Timing Information : Time (s): cpu = 00:00:07 ; elapsed = 00:00:07 . Memory (MB): peak = 1059.641 ; gain = 34.375
---------------------------------------------------------------------------------
---------------------------------------------------------------------------------
Start Applying 'set_property' XDC Constraints
---------------------------------------------------------------------------------
---------------------------------------------------------------------------------
Finished applying 'set_property' XDC Constraints : Time (s): cpu = 00:00:07 ; elapsed = 00:00:07 . Memory (MB): peak = 1059.641 ; gain = 34.375
---------------------------------------------------------------------------------
---------------------------------------------------------------------------------
Finished RTL Optimization Phase 2 : Time (s): cpu = 00:00:07 ; elapsed = 00:00:08 . Memory (MB): peak = 1059.641 ; gain = 34.375
---------------------------------------------------------------------------------
---------------------------------------------------------------------------------
Start RTL Component Statistics 
---------------------------------------------------------------------------------
Detailed RTL Component Info : 
+---Registers : 
	               32 Bit    Registers := 32    
+---Muxes : 
	  33 Input   32 Bit        Muxes := 2     
	   2 Input    1 Bit        Muxes := 32    
---------------------------------------------------------------------------------
Finished RTL Component Statistics 
---------------------------------------------------------------------------------
---------------------------------------------------------------------------------
Start Part Resource Summary
---------------------------------------------------------------------------------
Part Resources:
DSPs: 90 (col length:60)
BRAMs: 100 (col length: RAMB18 60 RAMB36 30)
---------------------------------------------------------------------------------
Finished Part Resource Summary
---------------------------------------------------------------------------------
---------------------------------------------------------------------------------
Start Cross Boundary and Area Optimization
---------------------------------------------------------------------------------
---------------------------------------------------------------------------------
Finished Cross Boundary and Area Optimization : Time (s): cpu = 00:00:08 ; elapsed = 00:00:09 . Memory (MB): peak = 1059.641 ; gain = 34.375
---------------------------------------------------------------------------------
---------------------------------------------------------------------------------
Start Applying XDC Timing Constraints
---------------------------------------------------------------------------------
---------------------------------------------------------------------------------
Finished Applying XDC Timing Constraints : Time (s): cpu = 00:00:12 ; elapsed = 00:00:13 . Memory (MB): peak = 1059.641 ; gain = 34.375
---------------------------------------------------------------------------------
---------------------------------------------------------------------------------
Start Timing Optimization
---------------------------------------------------------------------------------
---------------------------------------------------------------------------------
Finished Timing Optimization : Time (s): cpu = 00:00:12 ; elapsed = 00:00:13 . Memory (MB): peak = 1059.641 ; gain = 34.375
---------------------------------------------------------------------------------
---------------------------------------------------------------------------------
Start Technology Mapping
---------------------------------------------------------------------------------
---------------------------------------------------------------------------------
Finished Technology Mapping : Time (s): cpu = 00:00:12 ; elapsed = 00:00:13 . Memory (MB): peak = 1059.641 ; gain = 34.375
---------------------------------------------------------------------------------
---------------------------------------------------------------------------------
Start IO Insertion
---------------------------------------------------------------------------------
---------------------------------------------------------------------------------
Start Flattening Before IO Insertion
---------------------------------------------------------------------------------
---------------------------------------------------------------------------------
Finished Flattening Before IO Insertion
---------------------------------------------------------------------------------
---------------------------------------------------------------------------------
Start Final Netlist Cleanup
---------------------------------------------------------------------------------
---------------------------------------------------------------------------------
Finished Final Netlist Cleanup
---------------------------------------------------------------------------------
---------------------------------------------------------------------------------
Finished IO Insertion : Time (s): cpu = 00:00:14 ; elapsed = 00:00:15 . Memory (MB): peak = 1059.641 ; gain = 34.375
---------------------------------------------------------------------------------
---------------------------------------------------------------------------------
Start Renaming Generated Instances
---------------------------------------------------------------------------------
---------------------------------------------------------------------------------
Finished Renaming Generated Instances : Time (s): cpu = 00:00:14 ; elapsed = 00:00:15 . Memory (MB): peak = 1059.641 ; gain = 34.375
---------------------------------------------------------------------------------
---------------------------------------------------------------------------------
Start Rebuilding User Hierarchy
---------------------------------------------------------------------------------
---------------------------------------------------------------------------------
Finished Rebuilding User Hierarchy : Time (s): cpu = 00:00:14 ; elapsed = 00:00:15 . Memory (MB): peak = 1059.641 ; gain = 34.375
---------------------------------------------------------------------------------
---------------------------------------------------------------------------------
Start Renaming Generated Ports
---------------------------------------------------------------------------------
---------------------------------------------------------------------------------
Finished Renaming Generated Ports : Time (s): cpu = 00:00:14 ; elapsed = 00:00:15 . Memory (MB): peak = 1059.641 ; gain = 34.375
---------------------------------------------------------------------------------
---------------------------------------------------------------------------------
Start Handling Custom Attributes
---------------------------------------------------------------------------------
---------------------------------------------------------------------------------
Finished Handling Custom Attributes : Time (s): cpu = 00:00:14 ; elapsed = 00:00:15 . Memory (MB): peak = 1059.641 ; gain = 34.375
---------------------------------------------------------------------------------
---------------------------------------------------------------------------------
Start Renaming Generated Nets
---------------------------------------------------------------------------------
---------------------------------------------------------------------------------
Finished Renaming Generated Nets : Time (s): cpu = 00:00:14 ; elapsed = 00:00:15 . Memory (MB): peak = 1059.641 ; gain = 34.375
---------------------------------------------------------------------------------
---------------------------------------------------------------------------------
Start Writing Synthesis Report
---------------------------------------------------------------------------------

Report BlackBoxes: 
+-+--------------+----------+
| |BlackBox name |Instances |
+-+--------------+----------+
+-+--------------+----------+

Report Cell Usage: 
+------+------+------+
|      |Cell  |Count |
+------+------+------+
|1     |BUFG  |     1|
|2     |LUT5  |    64|
|3     |LUT6  |   543|
|4     |MUXF7 |   256|
|5     |FDCE  |   992|
|6     |IBUF  |    50|
|7     |OBUF  |    64|
+------+------+------+
---------------------------------------------------------------------------------
Finished Writing Synthesis Report : Time (s): cpu = 00:00:14 ; elapsed = 00:00:15 . Memory (MB): peak = 1059.641 ; gain = 34.375
---------------------------------------------------------------------------------
Synthesis finished with 0 errors, 0 critical warnings and 0 warnings.
Synthesis Optimization Runtime : Time (s): cpu = 00:00:10 ; elapsed = 00:00:14 . Memory (MB): peak = 1059.641 ; gain = 0.000
Synthesis Optimization Complete : Time (s): cpu = 00:00:14 ; elapsed = 00:00:15 . Memory (MB): peak = 1059.641 ; gain = 34.375
INFO: [Project 1-571] Translating synthesized netlist
Netlist sorting complete. Time (s): cpu = 00:00:00 ; elapsed = 00:00:00.008 . Memory (MB): peak = 1061.293 ; gain = 0.000
INFO: [Netlist 29-17] Analyzing 256 Unisim elements for replacement
INFO: [Netlist 29-28] Unisim Transformation completed in 0 CPU seconds
WARNING: [Netlist 29-101] Netlist 'RegisterFile' is not ideal for floorplanning, since the cellview 'RegisterFile' contains a large number of primitives.  Please consider enabling hierarchy in synthesis if you want to do floorplanning.
INFO: [Project 1-570] Preparing netlist for logic optimization
INFO: [Opt 31-138] Pushed 0 inverter(s) to 0 load pin(s).
Netlist sorting complete. Time (s): cpu = 00:00:00 ; elapsed = 00:00:00 . Memory (MB): peak = 1061.293 ; gain = 0.000
INFO: [Project 1-111] Unisim Transformation Summary:
No Unisim elements were transformed.

INFO: [Common 17-83] Releasing license: Synthesis
17 Infos, 89 Warnings, 88 Critical Warnings and 0 Errors encountered.
synth_design completed successfully
synth_design: Time (s): cpu = 00:00:18 ; elapsed = 00:00:22 . Memory (MB): peak = 1061.293 ; gain = 36.027
INFO: [Common 17-1381] The checkpoint 'C:/Users/za10196/Desktop/project_lab6/project_lab6/project_lab6.runs/synth_1/RegisterFile.dcp' has been generated.
INFO: [runtcl-4] Executing : report_utilization -file RegisterFile_utilization_synth.rpt -pb RegisterFile_utilization_synth.pb
INFO: [Common 17-206] Exiting Vivado at Thu Mar  5 10:07:48 2026...
