Vivado Simulator 2020.1
Copyright 1986-1999, 2001-2020 Xilinx, Inc. All Rights Reserved.
Running: C:/Xilinx/Vivado/2020.1/bin/unwrapped/win64.o/xelab.exe -wto 92bc6c52b5fa4a339bbdbe521a7e075f --incr --debug typical --relax --mt 2 -L xil_defaultlib -L unisims_ver -L unimacro_ver -L secureip --snapshot TopLevelProcessor_tb_behav xil_defaultlib.TopLevelProcessor_tb xil_defaultlib.glbl -log elaborate.log 
Using 2 slave threads.
Starting static elaboration
Pass Through NonSizing Optimizer
WARNING: [VRFC 10-5021] port 'switches' is not connected on this instance [C:/Users/DELL/Desktop/CAlabs/CAlabs-Git-Zaara-Zoya/Lab 11/project_lab 11.srcs/sim_1/new/Toplevel_tb.v:6]
Completed static elaboration
Starting simulation data flow analysis
Completed simulation data flow analysis
Time Resolution for simulation is 1ps
Compiling module xil_defaultlib.ProgramCounter
Compiling module xil_defaultlib.pcAdder
Compiling module xil_defaultlib.lab10_mem
Compiling module xil_defaultlib.MainControl
Compiling module xil_defaultlib.RegisterFile
Compiling module xil_defaultlib.immGen
Compiling module xil_defaultlib.ALUControl
Compiling module xil_defaultlib.ALU
Compiling module xil_defaultlib.AddressDecoder
Compiling module xil_defaultlib.DataMemory
Compiling module xil_defaultlib.addressDecoderTop
Compiling module xil_defaultlib.branchAdder
Compiling module xil_defaultlib.mux2
Compiling module xil_defaultlib.TopLevelProcessor
Compiling module xil_defaultlib.TopLevelProcessor_tb
Compiling module xil_defaultlib.glbl
Built simulation snapshot TopLevelProcessor_tb_behav
