Copyright 1986-2020 Xilinx, Inc. All Rights Reserved.
--------------------------------------------------------------------------------------
| Tool Version : Vivado v.2020.1 (win64) Build 2902540 Wed May 27 19:54:49 MDT 2020
| Date         : Thu Apr 30 03:09:28 2026
| Host         : DESKTOP-7937OT1 running 64-bit major release  (build 9200)
| Command      : report_control_sets -verbose -file taskC_top_control_sets_placed.rpt
| Design       : taskC_top
| Device       : xc7a35t
--------------------------------------------------------------------------------------

Control Set Information

Table of Contents
-----------------
1. Summary
2. Histogram
3. Flip-Flop Distribution
4. Detailed Control Set Information

1. Summary
----------

+----------------------------------------------------------+-------+
|                          Status                          | Count |
+----------------------------------------------------------+-------+
| Total control sets                                       |    15 |
|    Minimum number of control sets                        |    15 |
|    Addition due to synthesis replication                 |     0 |
|    Addition due to physical synthesis replication        |     0 |
| Unused register locations in slices containing registers |    10 |
+----------------------------------------------------------+-------+
* Control sets can be merged at opt_design using control_set_merge or merge_equivalent_drivers
** Run report_qor_suggestions for automated merging and remapping suggestions


2. Histogram
------------

+--------------------+-------+
|       Fanout       | Count |
+--------------------+-------+
| Total control sets |    15 |
| >= 0 to < 4        |     1 |
| >= 4 to < 6        |     0 |
| >= 6 to < 8        |     0 |
| >= 8 to < 10       |     0 |
| >= 10 to < 12      |     0 |
| >= 12 to < 14      |     0 |
| >= 14 to < 16      |     0 |
| >= 16              |    14 |
+--------------------+-------+
* Control sets can be remapped at either synth_design or opt_design


3. Flip-Flop Distribution
-------------------------

+--------------+-----------------------+------------------------+-----------------+--------------+
| Clock Enable | Synchronous Set/Reset | Asynchronous Set/Reset | Total Registers | Total Slices |
+--------------+-----------------------+------------------------+-----------------+--------------+
| No           | No                    | No                     |               2 |            1 |
| No           | No                    | Yes                    |              76 |           24 |
| No           | Yes                   | No                     |               0 |            0 |
| Yes          | No                    | No                     |               0 |            0 |
| Yes          | No                    | Yes                    |               0 |            0 |
| Yes          | Yes                   | No                     |             320 |          242 |
+--------------+-----------------------+------------------------+-----------------+--------------+


4. Detailed Control Set Information
-----------------------------------

+----------------+------------------------------+------------------+------------------+----------------+--------------+
|  Clock Signal  |         Enable Signal        | Set/Reset Signal | Slice Load Count | Bel Load Count | Bels / Slice |
+----------------+------------------------------+------------------+------------------+----------------+--------------+
|  clk_IBUF_BUFG |                              |                  |                1 |              2 |         2.00 |
|  slow_clk_BUFG |                              | rst_sync2        |                8 |             32 |         4.00 |
|  slow_clk_BUFG | processor/pc/PC_reg[2]_1[0]  | rst_sync2        |               28 |             32 |         1.14 |
|  slow_clk_BUFG | processor/pc/PC_reg[2]_0[0]  | rst_sync2        |               27 |             32 |         1.19 |
|  slow_clk_BUFG | processor/pc/PC_reg[5]_0[0]  | rst_sync2        |               25 |             32 |         1.28 |
|  slow_clk_BUFG | processor/pc/PC_reg[3]_1[0]  | rst_sync2        |               27 |             32 |         1.19 |
|  slow_clk_BUFG | processor/pc/E[0]            | rst_sync2        |               25 |             32 |         1.28 |
|  slow_clk_BUFG | processor/pc/PC_reg[6]_18[0] | rst_sync2        |               23 |             32 |         1.39 |
|  slow_clk_BUFG | processor/pc/PC_reg[6]_21[0] | rst_sync2        |               26 |             32 |         1.23 |
|  slow_clk_BUFG | processor/pc/PC_reg[6]_17[0] | rst_sync2        |               24 |             32 |         1.33 |
|  slow_clk_BUFG | processor/pc/PC_reg[6]_19[0] | rst_sync2        |               24 |             32 |         1.33 |
|  slow_clk_BUFG | processor/a/E[0]             | rst_sync2        |               13 |             32 |         2.46 |
|  clk_IBUF_BUFG |                              | rst_sync2        |               16 |             44 |         2.75 |
|  slow_clk_BUFG | processor/a/PC_reg[6]        |                  |               32 |            128 |         4.00 |
|  slow_clk_BUFG | processor/a/PC_reg[6]_1      |                  |               32 |            128 |         4.00 |
+----------------+------------------------------+------------------+------------------+----------------+--------------+


