#-----------------------------------------------------------
# Vivado v2020.1 (64-bit)
# SW Build 2902540 on Wed May 27 19:54:49 MDT 2020
# IP Build 2902112 on Wed May 27 22:43:36 MDT 2020
# Start of session at: Sun May 10 18:45:22 2026
# Process ID: 3132
# Current directory: C:/Users/DELL/Desktop/CAlabs/CAlabs-Git-Zaara-Zoya/Project/Task B Final
# Command line: vivado.exe -gui_launcher_event rodinguilauncherevent19068 C:\Users\DELL\Desktop\CAlabs\CAlabs-Git-Zaara-Zoya\Project\Task B Final\Task B Final.xpr
# Log file: C:/Users/DELL/Desktop/CAlabs/CAlabs-Git-Zaara-Zoya/Project/Task B Final/vivado.log
# Journal file: C:/Users/DELL/Desktop/CAlabs/CAlabs-Git-Zaara-Zoya/Project/Task B Final\vivado.jou
#-----------------------------------------------------------
start_gui
open_project {C:/Users/DELL/Desktop/CAlabs/CAlabs-Git-Zaara-Zoya/Project/Task B Final/Task B Final.xpr}
INFO: [Project 1-313] Project file moved from 'C:/Users/DELL/Desktop/Task B Final' since last save.
Scanning sources...
Finished scanning sources
INFO: [IP_Flow 19-234] Refreshing IP repositories
INFO: [IP_Flow 19-1704] No user IP repositories specified
INFO: [IP_Flow 19-2313] Loaded Vivado IP repository 'C:/Xilinx/Vivado/2020.1/data/ip'.
open_project: Time (s): cpu = 00:00:30 ; elapsed = 00:00:19 . Memory (MB): peak = 1016.320 ; gain = 0.000
update_compile_order -fileset sources_1
synth_design -rtl -name rtl_1
Command: synth_design -rtl -name rtl_1
Starting synth_design
Using part: xc7a35tcpg236-1
Top: taskB_top
INFO: [Device 21-403] Loading part xc7a35tcpg236-1
---------------------------------------------------------------------------------
Starting RTL Elaboration : Time (s): cpu = 00:00:05 ; elapsed = 00:00:05 . Memory (MB): peak = 1286.664 ; gain = 241.102
---------------------------------------------------------------------------------
INFO: [Synth 8-6157] synthesizing module 'taskB_top' [C:/Users/DELL/Desktop/CAlabs/CAlabs-Git-Zaara-Zoya/Project/Task B Final/Task B Final.srcs/sources_1/new/fpga_top.v:3]
INFO: [Synth 8-6157] synthesizing module 'clk_divider' [C:/Users/DELL/Desktop/CAlabs/CAlabs-Git-Zaara-Zoya/Project/Task B Final/Task B Final.srcs/sources_1/new/clk_divider.v:3]
	Parameter DIVISOR bound to: 12500000 - type: integer 
INFO: [Synth 8-6155] done synthesizing module 'clk_divider' (1#1) [C:/Users/DELL/Desktop/CAlabs/CAlabs-Git-Zaara-Zoya/Project/Task B Final/Task B Final.srcs/sources_1/new/clk_divider.v:3]
INFO: [Synth 8-6157] synthesizing module 'TopLevelProcessor' [C:/Users/DELL/Desktop/CAlabs/CAlabs-Git-Zaara-Zoya/Project/Task B Final/Task B Final.srcs/sources_1/new/TopLevelProcessor.v:3]
INFO: [Synth 8-6157] synthesizing module 'pcAdder' [C:/Users/DELL/Desktop/CAlabs/CAlabs-Git-Zaara-Zoya/Project/Task B Final/Task B Final.srcs/sources_1/new/pcAdder.v:2]
INFO: [Synth 8-6155] done synthesizing module 'pcAdder' (2#1) [C:/Users/DELL/Desktop/CAlabs/CAlabs-Git-Zaara-Zoya/Project/Task B Final/Task B Final.srcs/sources_1/new/pcAdder.v:2]
INFO: [Synth 8-6157] synthesizing module 'branchAdder' [C:/Users/DELL/Desktop/CAlabs/CAlabs-Git-Zaara-Zoya/Project/Task B Final/Task B Final.srcs/sources_1/new/branchAdder.v:2]
INFO: [Synth 8-6155] done synthesizing module 'branchAdder' (3#1) [C:/Users/DELL/Desktop/CAlabs/CAlabs-Git-Zaara-Zoya/Project/Task B Final/Task B Final.srcs/sources_1/new/branchAdder.v:2]
INFO: [Synth 8-6157] synthesizing module 'ProgramCounter' [C:/Users/DELL/Desktop/CAlabs/CAlabs-Git-Zaara-Zoya/Project/Task B Final/Task B Final.srcs/sources_1/new/ProgramCounter.v:2]
INFO: [Synth 8-6155] done synthesizing module 'ProgramCounter' (4#1) [C:/Users/DELL/Desktop/CAlabs/CAlabs-Git-Zaara-Zoya/Project/Task B Final/Task B Final.srcs/sources_1/new/ProgramCounter.v:2]
INFO: [Synth 8-6157] synthesizing module 'instructionMemory' [C:/Users/DELL/Desktop/CAlabs/CAlabs-Git-Zaara-Zoya/Project/Task B Final/Task B Final.srcs/sources_1/new/instructionMemory.v:2]
INFO: [Synth 8-3876] $readmem data file 'program.mem' is read successfully [C:/Users/DELL/Desktop/CAlabs/CAlabs-Git-Zaara-Zoya/Project/Task B Final/Task B Final.srcs/sources_1/new/instructionMemory.v:10]
INFO: [Synth 8-6155] done synthesizing module 'instructionMemory' (5#1) [C:/Users/DELL/Desktop/CAlabs/CAlabs-Git-Zaara-Zoya/Project/Task B Final/Task B Final.srcs/sources_1/new/instructionMemory.v:2]
INFO: [Synth 8-6157] synthesizing module 'immGen' [C:/Users/DELL/Desktop/CAlabs/CAlabs-Git-Zaara-Zoya/Project/Task B Final/Task B Final.srcs/sources_1/new/immGen.v:2]
INFO: [Synth 8-6155] done synthesizing module 'immGen' (6#1) [C:/Users/DELL/Desktop/CAlabs/CAlabs-Git-Zaara-Zoya/Project/Task B Final/Task B Final.srcs/sources_1/new/immGen.v:2]
INFO: [Synth 8-6157] synthesizing module 'MainControl' [C:/Users/DELL/Desktop/CAlabs/CAlabs-Git-Zaara-Zoya/Project/Task B Final/Task B Final.srcs/sources_1/new/MainControl.v:3]
INFO: [Synth 8-155] case statement is not full and has no default [C:/Users/DELL/Desktop/CAlabs/CAlabs-Git-Zaara-Zoya/Project/Task B Final/Task B Final.srcs/sources_1/new/MainControl.v:22]
INFO: [Synth 8-6155] done synthesizing module 'MainControl' (7#1) [C:/Users/DELL/Desktop/CAlabs/CAlabs-Git-Zaara-Zoya/Project/Task B Final/Task B Final.srcs/sources_1/new/MainControl.v:3]
INFO: [Synth 8-6157] synthesizing module 'RegisterFile' [C:/Users/DELL/Desktop/CAlabs/CAlabs-Git-Zaara-Zoya/Project/Task B Final/Task B Final.srcs/sources_1/new/RegisterFile.v:2]
INFO: [Synth 8-6155] done synthesizing module 'RegisterFile' (8#1) [C:/Users/DELL/Desktop/CAlabs/CAlabs-Git-Zaara-Zoya/Project/Task B Final/Task B Final.srcs/sources_1/new/RegisterFile.v:2]
INFO: [Synth 8-6157] synthesizing module 'mux2' [C:/Users/DELL/Desktop/CAlabs/CAlabs-Git-Zaara-Zoya/Project/Task B Final/Task B Final.srcs/sources_1/new/mux2.v:2]
INFO: [Synth 8-6155] done synthesizing module 'mux2' (9#1) [C:/Users/DELL/Desktop/CAlabs/CAlabs-Git-Zaara-Zoya/Project/Task B Final/Task B Final.srcs/sources_1/new/mux2.v:2]
INFO: [Synth 8-6157] synthesizing module 'ALUControl' [C:/Users/DELL/Desktop/CAlabs/CAlabs-Git-Zaara-Zoya/Project/Task B Final/Task B Final.srcs/sources_1/new/ALUControl.v:2]
INFO: [Synth 8-6155] done synthesizing module 'ALUControl' (10#1) [C:/Users/DELL/Desktop/CAlabs/CAlabs-Git-Zaara-Zoya/Project/Task B Final/Task B Final.srcs/sources_1/new/ALUControl.v:2]
INFO: [Synth 8-6157] synthesizing module 'ALU' [C:/Users/DELL/Desktop/CAlabs/CAlabs-Git-Zaara-Zoya/Project/Task B Final/Task B Final.srcs/sources_1/new/ALU.v:23]
INFO: [Synth 8-6155] done synthesizing module 'ALU' (11#1) [C:/Users/DELL/Desktop/CAlabs/CAlabs-Git-Zaara-Zoya/Project/Task B Final/Task B Final.srcs/sources_1/new/ALU.v:23]
INFO: [Synth 8-6157] synthesizing module 'AddressDecoder' [C:/Users/DELL/Desktop/CAlabs/CAlabs-Git-Zaara-Zoya/Project/Task B Final/Task B Final.srcs/sources_1/new/AddressDecoder.v:2]
INFO: [Synth 8-6155] done synthesizing module 'AddressDecoder' (12#1) [C:/Users/DELL/Desktop/CAlabs/CAlabs-Git-Zaara-Zoya/Project/Task B Final/Task B Final.srcs/sources_1/new/AddressDecoder.v:2]
INFO: [Synth 8-6157] synthesizing module 'DataMemory' [C:/Users/DELL/Desktop/CAlabs/CAlabs-Git-Zaara-Zoya/Project/Task B Final/Task B Final.srcs/sources_1/new/DataMemory.v:22]
INFO: [Synth 8-6155] done synthesizing module 'DataMemory' (13#1) [C:/Users/DELL/Desktop/CAlabs/CAlabs-Git-Zaara-Zoya/Project/Task B Final/Task B Final.srcs/sources_1/new/DataMemory.v:22]
INFO: [Synth 8-6155] done synthesizing module 'TopLevelProcessor' (14#1) [C:/Users/DELL/Desktop/CAlabs/CAlabs-Git-Zaara-Zoya/Project/Task B Final/Task B Final.srcs/sources_1/new/TopLevelProcessor.v:3]
INFO: [Synth 8-6157] synthesizing module 'seven_seg_display' [C:/Users/DELL/Desktop/CAlabs/CAlabs-Git-Zaara-Zoya/Project/Task B Final/Task B Final.srcs/sources_1/new/seven_seg_display.v:3]
INFO: [Synth 8-226] default block is never used [C:/Users/DELL/Desktop/CAlabs/CAlabs-Git-Zaara-Zoya/Project/Task B Final/Task B Final.srcs/sources_1/new/seven_seg_display.v:47]
INFO: [Synth 8-6155] done synthesizing module 'seven_seg_display' (15#1) [C:/Users/DELL/Desktop/CAlabs/CAlabs-Git-Zaara-Zoya/Project/Task B Final/Task B Final.srcs/sources_1/new/seven_seg_display.v:3]
INFO: [Synth 8-6155] done synthesizing module 'taskB_top' (16#1) [C:/Users/DELL/Desktop/CAlabs/CAlabs-Git-Zaara-Zoya/Project/Task B Final/Task B Final.srcs/sources_1/new/fpga_top.v:3]
---------------------------------------------------------------------------------
Finished RTL Elaboration : Time (s): cpu = 00:00:06 ; elapsed = 00:00:07 . Memory (MB): peak = 1340.156 ; gain = 294.594
---------------------------------------------------------------------------------
---------------------------------------------------------------------------------
Start Handling Custom Attributes
---------------------------------------------------------------------------------
---------------------------------------------------------------------------------
Finished Handling Custom Attributes : Time (s): cpu = 00:00:07 ; elapsed = 00:00:07 . Memory (MB): peak = 1340.156 ; gain = 294.594
---------------------------------------------------------------------------------
---------------------------------------------------------------------------------
Finished RTL Optimization Phase 1 : Time (s): cpu = 00:00:07 ; elapsed = 00:00:07 . Memory (MB): peak = 1340.156 ; gain = 294.594
---------------------------------------------------------------------------------
Netlist sorting complete. Time (s): cpu = 00:00:00 ; elapsed = 00:00:00.021 . Memory (MB): peak = 1340.156 ; gain = 0.000
INFO: [Project 1-570] Preparing netlist for logic optimization

Processing XDC Constraints
Initializing timing engine
Parsing XDC File [C:/Users/DELL/Desktop/CAlabs/CAlabs-Git-Zaara-Zoya/Project/Task B Final/Task B Final.srcs/constrs_1/new/basys3_constraints.xdc]
Finished Parsing XDC File [C:/Users/DELL/Desktop/CAlabs/CAlabs-Git-Zaara-Zoya/Project/Task B Final/Task B Final.srcs/constrs_1/new/basys3_constraints.xdc]
Completed Processing XDC Constraints

INFO: [Opt 31-138] Pushed 0 inverter(s) to 0 load pin(s).
Netlist sorting complete. Time (s): cpu = 00:00:00 ; elapsed = 00:00:00.001 . Memory (MB): peak = 1467.070 ; gain = 0.000
INFO: [Project 1-111] Unisim Transformation Summary:
No Unisim elements were transformed.

RTL Elaboration Complete:  : Time (s): cpu = 00:00:20 ; elapsed = 00:00:13 . Memory (MB): peak = 1470.594 ; gain = 425.031
39 Infos, 0 Warnings, 0 Critical Warnings and 0 Errors encountered.
synth_design completed successfully
synth_design: Time (s): cpu = 00:00:29 ; elapsed = 00:00:32 . Memory (MB): peak = 1470.594 ; gain = 454.273
exit
INFO: [Common 17-206] Exiting Vivado at Sun May 10 18:53:17 2026...
