#-----------------------------------------------------------
# Vivado v2020.1 (64-bit)
# SW Build 2902540 on Wed May 27 19:54:49 MDT 2020
# IP Build 2902112 on Wed May 27 22:43:36 MDT 2020
# Start of session at: Sun May 10 18:45:28 2026
# Process ID: 1992
# Current directory: C:/Users/DELL/Desktop/CAlabs/CAlabs-Git-Zaara-Zoya/Project/Task C Final
# Command line: vivado.exe -gui_launcher_event rodinguilauncherevent1668 C:\Users\DELL\Desktop\CAlabs\CAlabs-Git-Zaara-Zoya\Project\Task C Final\Task C Final.xpr
# Log file: C:/Users/DELL/Desktop/CAlabs/CAlabs-Git-Zaara-Zoya/Project/Task C Final/vivado.log
# Journal file: C:/Users/DELL/Desktop/CAlabs/CAlabs-Git-Zaara-Zoya/Project/Task C Final\vivado.jou
#-----------------------------------------------------------
start_gui
open_project {C:/Users/DELL/Desktop/CAlabs/CAlabs-Git-Zaara-Zoya/Project/Task C Final/Task C Final.xpr}
INFO: [Project 1-313] Project file moved from 'C:/Users/DELL/Desktop/Task C Final' since last save.
Scanning sources...
Finished scanning sources
INFO: [IP_Flow 19-234] Refreshing IP repositories
INFO: [IP_Flow 19-1704] No user IP repositories specified
INFO: [IP_Flow 19-2313] Loaded Vivado IP repository 'C:/Xilinx/Vivado/2020.1/data/ip'.
open_project: Time (s): cpu = 00:00:33 ; elapsed = 00:00:20 . Memory (MB): peak = 1028.539 ; gain = 0.000
update_compile_order -fileset sources_1
exit
INFO: [Common 17-206] Exiting Vivado at Sun May 10 18:53:20 2026...
