
*** Running vivado
    with args -log RegisterFile.vdi -applog -m64 -product Vivado -messageDb vivado.pb -mode batch -source RegisterFile.tcl -notrace



****** Vivado v2020.1 (64-bit)
  **** SW Build 2902540 on Wed May 27 19:54:49 MDT 2020
  **** IP Build 2902112 on Wed May 27 22:43:36 MDT 2020
    ** Copyright 1986-2020 Xilinx, Inc. All Rights Reserved.

source RegisterFile.tcl -notrace
Command: link_design -top RegisterFile -part xc7a35tcpg236-1
Design is defaulting to srcset: sources_1
Design is defaulting to constrset: constrs_1
INFO: [Device 21-403] Loading part xc7a35tcpg236-1
Netlist sorting complete. Time (s): cpu = 00:00:00 ; elapsed = 00:00:00.003 . Memory (MB): peak = 1024.988 ; gain = 0.000
INFO: [Netlist 29-17] Analyzing 256 Unisim elements for replacement
INFO: [Netlist 29-28] Unisim Transformation completed in 0 CPU seconds
WARNING: [Netlist 29-101] Netlist 'RegisterFile' is not ideal for floorplanning, since the cellview 'RegisterFile' contains a large number of primitives.  Please consider enabling hierarchy in synthesis if you want to do floorplanning.
INFO: [Project 1-479] Netlist was created with Vivado 2020.1
INFO: [Project 1-570] Preparing netlist for logic optimization
Parsing XDC File [C:/Users/za10196/Desktop/project_lab6/project_lab6/project_lab6.srcs/constrs_1/new/constraint.xdc]
WARNING: [Vivado 12-584] No ports matched 'rst_btn'. [C:/Users/za10196/Desktop/project_lab6/project_lab6/project_lab6.srcs/constrs_1/new/constraint.xdc:7]
CRITICAL WARNING: [Common 17-55] 'set_property' expects at least one object. [C:/Users/za10196/Desktop/project_lab6/project_lab6/project_lab6.srcs/constrs_1/new/constraint.xdc:7]
Resolution: If [get_<value>] was used to populate the object, check to make sure this command returns at least one valid object.
WARNING: [Vivado 12-584] No ports matched 'rst_btn'. [C:/Users/za10196/Desktop/project_lab6/project_lab6/project_lab6.srcs/constrs_1/new/constraint.xdc:8]
CRITICAL WARNING: [Common 17-55] 'set_property' expects at least one object. [C:/Users/za10196/Desktop/project_lab6/project_lab6/project_lab6.srcs/constrs_1/new/constraint.xdc:8]
Resolution: If [get_<value>] was used to populate the object, check to make sure this command returns at least one valid object.
WARNING: [Vivado 12-584] No ports matched 'sw_phys[0]'. [C:/Users/za10196/Desktop/project_lab6/project_lab6/project_lab6.srcs/constrs_1/new/constraint.xdc:12]
CRITICAL WARNING: [Common 17-55] 'set_property' expects at least one object. [C:/Users/za10196/Desktop/project_lab6/project_lab6/project_lab6.srcs/constrs_1/new/constraint.xdc:12]
Resolution: If [get_<value>] was used to populate the object, check to make sure this command returns at least one valid object.
WARNING: [Vivado 12-584] No ports matched 'sw_phys[0]'. [C:/Users/za10196/Desktop/project_lab6/project_lab6/project_lab6.srcs/constrs_1/new/constraint.xdc:13]
CRITICAL WARNING: [Common 17-55] 'set_property' expects at least one object. [C:/Users/za10196/Desktop/project_lab6/project_lab6/project_lab6.srcs/constrs_1/new/constraint.xdc:13]
Resolution: If [get_<value>] was used to populate the object, check to make sure this command returns at least one valid object.
WARNING: [Vivado 12-584] No ports matched 'sw_phys[1]'. [C:/Users/za10196/Desktop/project_lab6/project_lab6/project_lab6.srcs/constrs_1/new/constraint.xdc:15]
CRITICAL WARNING: [Common 17-55] 'set_property' expects at least one object. [C:/Users/za10196/Desktop/project_lab6/project_lab6/project_lab6.srcs/constrs_1/new/constraint.xdc:15]
Resolution: If [get_<value>] was used to populate the object, check to make sure this command returns at least one valid object.
WARNING: [Vivado 12-584] No ports matched 'sw_phys[1]'. [C:/Users/za10196/Desktop/project_lab6/project_lab6/project_lab6.srcs/constrs_1/new/constraint.xdc:16]
CRITICAL WARNING: [Common 17-55] 'set_property' expects at least one object. [C:/Users/za10196/Desktop/project_lab6/project_lab6/project_lab6.srcs/constrs_1/new/constraint.xdc:16]
Resolution: If [get_<value>] was used to populate the object, check to make sure this command returns at least one valid object.
WARNING: [Vivado 12-584] No ports matched 'sw_phys[2]'. [C:/Users/za10196/Desktop/project_lab6/project_lab6/project_lab6.srcs/constrs_1/new/constraint.xdc:18]
CRITICAL WARNING: [Common 17-55] 'set_property' expects at least one object. [C:/Users/za10196/Desktop/project_lab6/project_lab6/project_lab6.srcs/constrs_1/new/constraint.xdc:18]
Resolution: If [get_<value>] was used to populate the object, check to make sure this command returns at least one valid object.
WARNING: [Vivado 12-584] No ports matched 'sw_phys[2]'. [C:/Users/za10196/Desktop/project_lab6/project_lab6/project_lab6.srcs/constrs_1/new/constraint.xdc:19]
CRITICAL WARNING: [Common 17-55] 'set_property' expects at least one object. [C:/Users/za10196/Desktop/project_lab6/project_lab6/project_lab6.srcs/constrs_1/new/constraint.xdc:19]
Resolution: If [get_<value>] was used to populate the object, check to make sure this command returns at least one valid object.
WARNING: [Vivado 12-584] No ports matched 'sw_phys[3]'. [C:/Users/za10196/Desktop/project_lab6/project_lab6/project_lab6.srcs/constrs_1/new/constraint.xdc:21]
CRITICAL WARNING: [Common 17-55] 'set_property' expects at least one object. [C:/Users/za10196/Desktop/project_lab6/project_lab6/project_lab6.srcs/constrs_1/new/constraint.xdc:21]
Resolution: If [get_<value>] was used to populate the object, check to make sure this command returns at least one valid object.
WARNING: [Vivado 12-584] No ports matched 'sw_phys[3]'. [C:/Users/za10196/Desktop/project_lab6/project_lab6/project_lab6.srcs/constrs_1/new/constraint.xdc:22]
CRITICAL WARNING: [Common 17-55] 'set_property' expects at least one object. [C:/Users/za10196/Desktop/project_lab6/project_lab6/project_lab6.srcs/constrs_1/new/constraint.xdc:22]
Resolution: If [get_<value>] was used to populate the object, check to make sure this command returns at least one valid object.
WARNING: [Vivado 12-584] No ports matched 'sw_phys[4]'. [C:/Users/za10196/Desktop/project_lab6/project_lab6/project_lab6.srcs/constrs_1/new/constraint.xdc:24]
CRITICAL WARNING: [Common 17-55] 'set_property' expects at least one object. [C:/Users/za10196/Desktop/project_lab6/project_lab6/project_lab6.srcs/constrs_1/new/constraint.xdc:24]
Resolution: If [get_<value>] was used to populate the object, check to make sure this command returns at least one valid object.
WARNING: [Vivado 12-584] No ports matched 'sw_phys[4]'. [C:/Users/za10196/Desktop/project_lab6/project_lab6/project_lab6.srcs/constrs_1/new/constraint.xdc:25]
CRITICAL WARNING: [Common 17-55] 'set_property' expects at least one object. [C:/Users/za10196/Desktop/project_lab6/project_lab6/project_lab6.srcs/constrs_1/new/constraint.xdc:25]
Resolution: If [get_<value>] was used to populate the object, check to make sure this command returns at least one valid object.
WARNING: [Vivado 12-584] No ports matched 'sw_phys[5]'. [C:/Users/za10196/Desktop/project_lab6/project_lab6/project_lab6.srcs/constrs_1/new/constraint.xdc:27]
CRITICAL WARNING: [Common 17-55] 'set_property' expects at least one object. [C:/Users/za10196/Desktop/project_lab6/project_lab6/project_lab6.srcs/constrs_1/new/constraint.xdc:27]
Resolution: If [get_<value>] was used to populate the object, check to make sure this command returns at least one valid object.
WARNING: [Vivado 12-584] No ports matched 'sw_phys[5]'. [C:/Users/za10196/Desktop/project_lab6/project_lab6/project_lab6.srcs/constrs_1/new/constraint.xdc:28]
CRITICAL WARNING: [Common 17-55] 'set_property' expects at least one object. [C:/Users/za10196/Desktop/project_lab6/project_lab6/project_lab6.srcs/constrs_1/new/constraint.xdc:28]
Resolution: If [get_<value>] was used to populate the object, check to make sure this command returns at least one valid object.
WARNING: [Vivado 12-584] No ports matched 'sw_phys[6]'. [C:/Users/za10196/Desktop/project_lab6/project_lab6/project_lab6.srcs/constrs_1/new/constraint.xdc:30]
CRITICAL WARNING: [Common 17-55] 'set_property' expects at least one object. [C:/Users/za10196/Desktop/project_lab6/project_lab6/project_lab6.srcs/constrs_1/new/constraint.xdc:30]
Resolution: If [get_<value>] was used to populate the object, check to make sure this command returns at least one valid object.
WARNING: [Vivado 12-584] No ports matched 'sw_phys[6]'. [C:/Users/za10196/Desktop/project_lab6/project_lab6/project_lab6.srcs/constrs_1/new/constraint.xdc:31]
CRITICAL WARNING: [Common 17-55] 'set_property' expects at least one object. [C:/Users/za10196/Desktop/project_lab6/project_lab6/project_lab6.srcs/constrs_1/new/constraint.xdc:31]
Resolution: If [get_<value>] was used to populate the object, check to make sure this command returns at least one valid object.
WARNING: [Vivado 12-584] No ports matched 'sw_phys[7]'. [C:/Users/za10196/Desktop/project_lab6/project_lab6/project_lab6.srcs/constrs_1/new/constraint.xdc:33]
CRITICAL WARNING: [Common 17-55] 'set_property' expects at least one object. [C:/Users/za10196/Desktop/project_lab6/project_lab6/project_lab6.srcs/constrs_1/new/constraint.xdc:33]
Resolution: If [get_<value>] was used to populate the object, check to make sure this command returns at least one valid object.
WARNING: [Vivado 12-584] No ports matched 'sw_phys[7]'. [C:/Users/za10196/Desktop/project_lab6/project_lab6/project_lab6.srcs/constrs_1/new/constraint.xdc:34]
CRITICAL WARNING: [Common 17-55] 'set_property' expects at least one object. [C:/Users/za10196/Desktop/project_lab6/project_lab6/project_lab6.srcs/constrs_1/new/constraint.xdc:34]
Resolution: If [get_<value>] was used to populate the object, check to make sure this command returns at least one valid object.
WARNING: [Vivado 12-584] No ports matched 'sw_phys[8]'. [C:/Users/za10196/Desktop/project_lab6/project_lab6/project_lab6.srcs/constrs_1/new/constraint.xdc:36]
CRITICAL WARNING: [Common 17-55] 'set_property' expects at least one object. [C:/Users/za10196/Desktop/project_lab6/project_lab6/project_lab6.srcs/constrs_1/new/constraint.xdc:36]
Resolution: If [get_<value>] was used to populate the object, check to make sure this command returns at least one valid object.
WARNING: [Vivado 12-584] No ports matched 'sw_phys[8]'. [C:/Users/za10196/Desktop/project_lab6/project_lab6/project_lab6.srcs/constrs_1/new/constraint.xdc:37]
CRITICAL WARNING: [Common 17-55] 'set_property' expects at least one object. [C:/Users/za10196/Desktop/project_lab6/project_lab6/project_lab6.srcs/constrs_1/new/constraint.xdc:37]
Resolution: If [get_<value>] was used to populate the object, check to make sure this command returns at least one valid object.
WARNING: [Vivado 12-584] No ports matched 'sw_phys[9]'. [C:/Users/za10196/Desktop/project_lab6/project_lab6/project_lab6.srcs/constrs_1/new/constraint.xdc:39]
CRITICAL WARNING: [Common 17-55] 'set_property' expects at least one object. [C:/Users/za10196/Desktop/project_lab6/project_lab6/project_lab6.srcs/constrs_1/new/constraint.xdc:39]
Resolution: If [get_<value>] was used to populate the object, check to make sure this command returns at least one valid object.
WARNING: [Vivado 12-584] No ports matched 'sw_phys[9]'. [C:/Users/za10196/Desktop/project_lab6/project_lab6/project_lab6.srcs/constrs_1/new/constraint.xdc:40]
CRITICAL WARNING: [Common 17-55] 'set_property' expects at least one object. [C:/Users/za10196/Desktop/project_lab6/project_lab6/project_lab6.srcs/constrs_1/new/constraint.xdc:40]
Resolution: If [get_<value>] was used to populate the object, check to make sure this command returns at least one valid object.
WARNING: [Vivado 12-584] No ports matched 'sw_phys[10]'. [C:/Users/za10196/Desktop/project_lab6/project_lab6/project_lab6.srcs/constrs_1/new/constraint.xdc:42]
CRITICAL WARNING: [Common 17-55] 'set_property' expects at least one object. [C:/Users/za10196/Desktop/project_lab6/project_lab6/project_lab6.srcs/constrs_1/new/constraint.xdc:42]
Resolution: If [get_<value>] was used to populate the object, check to make sure this command returns at least one valid object.
WARNING: [Vivado 12-584] No ports matched 'sw_phys[10]'. [C:/Users/za10196/Desktop/project_lab6/project_lab6/project_lab6.srcs/constrs_1/new/constraint.xdc:43]
CRITICAL WARNING: [Common 17-55] 'set_property' expects at least one object. [C:/Users/za10196/Desktop/project_lab6/project_lab6/project_lab6.srcs/constrs_1/new/constraint.xdc:43]
Resolution: If [get_<value>] was used to populate the object, check to make sure this command returns at least one valid object.
WARNING: [Vivado 12-584] No ports matched 'sw_phys[11]'. [C:/Users/za10196/Desktop/project_lab6/project_lab6/project_lab6.srcs/constrs_1/new/constraint.xdc:45]
CRITICAL WARNING: [Common 17-55] 'set_property' expects at least one object. [C:/Users/za10196/Desktop/project_lab6/project_lab6/project_lab6.srcs/constrs_1/new/constraint.xdc:45]
Resolution: If [get_<value>] was used to populate the object, check to make sure this command returns at least one valid object.
WARNING: [Vivado 12-584] No ports matched 'sw_phys[11]'. [C:/Users/za10196/Desktop/project_lab6/project_lab6/project_lab6.srcs/constrs_1/new/constraint.xdc:46]
CRITICAL WARNING: [Common 17-55] 'set_property' expects at least one object. [C:/Users/za10196/Desktop/project_lab6/project_lab6/project_lab6.srcs/constrs_1/new/constraint.xdc:46]
Resolution: If [get_<value>] was used to populate the object, check to make sure this command returns at least one valid object.
WARNING: [Vivado 12-584] No ports matched 'sw_phys[12]'. [C:/Users/za10196/Desktop/project_lab6/project_lab6/project_lab6.srcs/constrs_1/new/constraint.xdc:48]
CRITICAL WARNING: [Common 17-55] 'set_property' expects at least one object. [C:/Users/za10196/Desktop/project_lab6/project_lab6/project_lab6.srcs/constrs_1/new/constraint.xdc:48]
Resolution: If [get_<value>] was used to populate the object, check to make sure this command returns at least one valid object.
WARNING: [Vivado 12-584] No ports matched 'sw_phys[12]'. [C:/Users/za10196/Desktop/project_lab6/project_lab6/project_lab6.srcs/constrs_1/new/constraint.xdc:49]
CRITICAL WARNING: [Common 17-55] 'set_property' expects at least one object. [C:/Users/za10196/Desktop/project_lab6/project_lab6/project_lab6.srcs/constrs_1/new/constraint.xdc:49]
Resolution: If [get_<value>] was used to populate the object, check to make sure this command returns at least one valid object.
WARNING: [Vivado 12-584] No ports matched 'sw_phys[13]'. [C:/Users/za10196/Desktop/project_lab6/project_lab6/project_lab6.srcs/constrs_1/new/constraint.xdc:51]
CRITICAL WARNING: [Common 17-55] 'set_property' expects at least one object. [C:/Users/za10196/Desktop/project_lab6/project_lab6/project_lab6.srcs/constrs_1/new/constraint.xdc:51]
Resolution: If [get_<value>] was used to populate the object, check to make sure this command returns at least one valid object.
WARNING: [Vivado 12-584] No ports matched 'sw_phys[13]'. [C:/Users/za10196/Desktop/project_lab6/project_lab6/project_lab6.srcs/constrs_1/new/constraint.xdc:52]
CRITICAL WARNING: [Common 17-55] 'set_property' expects at least one object. [C:/Users/za10196/Desktop/project_lab6/project_lab6/project_lab6.srcs/constrs_1/new/constraint.xdc:52]
Resolution: If [get_<value>] was used to populate the object, check to make sure this command returns at least one valid object.
WARNING: [Vivado 12-584] No ports matched 'sw_phys[14]'. [C:/Users/za10196/Desktop/project_lab6/project_lab6/project_lab6.srcs/constrs_1/new/constraint.xdc:54]
CRITICAL WARNING: [Common 17-55] 'set_property' expects at least one object. [C:/Users/za10196/Desktop/project_lab6/project_lab6/project_lab6.srcs/constrs_1/new/constraint.xdc:54]
Resolution: If [get_<value>] was used to populate the object, check to make sure this command returns at least one valid object.
WARNING: [Vivado 12-584] No ports matched 'sw_phys[14]'. [C:/Users/za10196/Desktop/project_lab6/project_lab6/project_lab6.srcs/constrs_1/new/constraint.xdc:55]
CRITICAL WARNING: [Common 17-55] 'set_property' expects at least one object. [C:/Users/za10196/Desktop/project_lab6/project_lab6/project_lab6.srcs/constrs_1/new/constraint.xdc:55]
Resolution: If [get_<value>] was used to populate the object, check to make sure this command returns at least one valid object.
WARNING: [Vivado 12-584] No ports matched 'sw_phys[15]'. [C:/Users/za10196/Desktop/project_lab6/project_lab6/project_lab6.srcs/constrs_1/new/constraint.xdc:57]
CRITICAL WARNING: [Common 17-55] 'set_property' expects at least one object. [C:/Users/za10196/Desktop/project_lab6/project_lab6/project_lab6.srcs/constrs_1/new/constraint.xdc:57]
Resolution: If [get_<value>] was used to populate the object, check to make sure this command returns at least one valid object.
WARNING: [Vivado 12-584] No ports matched 'sw_phys[15]'. [C:/Users/za10196/Desktop/project_lab6/project_lab6/project_lab6.srcs/constrs_1/new/constraint.xdc:58]
CRITICAL WARNING: [Common 17-55] 'set_property' expects at least one object. [C:/Users/za10196/Desktop/project_lab6/project_lab6/project_lab6.srcs/constrs_1/new/constraint.xdc:58]
Resolution: If [get_<value>] was used to populate the object, check to make sure this command returns at least one valid object.
WARNING: [Vivado 12-584] No ports matched 'led_phys[0]'. [C:/Users/za10196/Desktop/project_lab6/project_lab6/project_lab6.srcs/constrs_1/new/constraint.xdc:63]
CRITICAL WARNING: [Common 17-55] 'set_property' expects at least one object. [C:/Users/za10196/Desktop/project_lab6/project_lab6/project_lab6.srcs/constrs_1/new/constraint.xdc:63]
Resolution: If [get_<value>] was used to populate the object, check to make sure this command returns at least one valid object.
WARNING: [Vivado 12-584] No ports matched 'led_phys[0]'. [C:/Users/za10196/Desktop/project_lab6/project_lab6/project_lab6.srcs/constrs_1/new/constraint.xdc:64]
CRITICAL WARNING: [Common 17-55] 'set_property' expects at least one object. [C:/Users/za10196/Desktop/project_lab6/project_lab6/project_lab6.srcs/constrs_1/new/constraint.xdc:64]
Resolution: If [get_<value>] was used to populate the object, check to make sure this command returns at least one valid object.
WARNING: [Vivado 12-584] No ports matched 'led_phys[1]'. [C:/Users/za10196/Desktop/project_lab6/project_lab6/project_lab6.srcs/constrs_1/new/constraint.xdc:66]
CRITICAL WARNING: [Common 17-55] 'set_property' expects at least one object. [C:/Users/za10196/Desktop/project_lab6/project_lab6/project_lab6.srcs/constrs_1/new/constraint.xdc:66]
Resolution: If [get_<value>] was used to populate the object, check to make sure this command returns at least one valid object.
WARNING: [Vivado 12-584] No ports matched 'led_phys[1]'. [C:/Users/za10196/Desktop/project_lab6/project_lab6/project_lab6.srcs/constrs_1/new/constraint.xdc:67]
CRITICAL WARNING: [Common 17-55] 'set_property' expects at least one object. [C:/Users/za10196/Desktop/project_lab6/project_lab6/project_lab6.srcs/constrs_1/new/constraint.xdc:67]
Resolution: If [get_<value>] was used to populate the object, check to make sure this command returns at least one valid object.
WARNING: [Vivado 12-584] No ports matched 'led_phys[2]'. [C:/Users/za10196/Desktop/project_lab6/project_lab6/project_lab6.srcs/constrs_1/new/constraint.xdc:69]
CRITICAL WARNING: [Common 17-55] 'set_property' expects at least one object. [C:/Users/za10196/Desktop/project_lab6/project_lab6/project_lab6.srcs/constrs_1/new/constraint.xdc:69]
Resolution: If [get_<value>] was used to populate the object, check to make sure this command returns at least one valid object.
WARNING: [Vivado 12-584] No ports matched 'led_phys[2]'. [C:/Users/za10196/Desktop/project_lab6/project_lab6/project_lab6.srcs/constrs_1/new/constraint.xdc:70]
CRITICAL WARNING: [Common 17-55] 'set_property' expects at least one object. [C:/Users/za10196/Desktop/project_lab6/project_lab6/project_lab6.srcs/constrs_1/new/constraint.xdc:70]
Resolution: If [get_<value>] was used to populate the object, check to make sure this command returns at least one valid object.
WARNING: [Vivado 12-584] No ports matched 'led_phys[3]'. [C:/Users/za10196/Desktop/project_lab6/project_lab6/project_lab6.srcs/constrs_1/new/constraint.xdc:72]
CRITICAL WARNING: [Common 17-55] 'set_property' expects at least one object. [C:/Users/za10196/Desktop/project_lab6/project_lab6/project_lab6.srcs/constrs_1/new/constraint.xdc:72]
Resolution: If [get_<value>] was used to populate the object, check to make sure this command returns at least one valid object.
WARNING: [Vivado 12-584] No ports matched 'led_phys[3]'. [C:/Users/za10196/Desktop/project_lab6/project_lab6/project_lab6.srcs/constrs_1/new/constraint.xdc:73]
CRITICAL WARNING: [Common 17-55] 'set_property' expects at least one object. [C:/Users/za10196/Desktop/project_lab6/project_lab6/project_lab6.srcs/constrs_1/new/constraint.xdc:73]
Resolution: If [get_<value>] was used to populate the object, check to make sure this command returns at least one valid object.
WARNING: [Vivado 12-584] No ports matched 'led_phys[4]'. [C:/Users/za10196/Desktop/project_lab6/project_lab6/project_lab6.srcs/constrs_1/new/constraint.xdc:75]
CRITICAL WARNING: [Common 17-55] 'set_property' expects at least one object. [C:/Users/za10196/Desktop/project_lab6/project_lab6/project_lab6.srcs/constrs_1/new/constraint.xdc:75]
Resolution: If [get_<value>] was used to populate the object, check to make sure this command returns at least one valid object.
WARNING: [Vivado 12-584] No ports matched 'led_phys[4]'. [C:/Users/za10196/Desktop/project_lab6/project_lab6/project_lab6.srcs/constrs_1/new/constraint.xdc:76]
CRITICAL WARNING: [Common 17-55] 'set_property' expects at least one object. [C:/Users/za10196/Desktop/project_lab6/project_lab6/project_lab6.srcs/constrs_1/new/constraint.xdc:76]
Resolution: If [get_<value>] was used to populate the object, check to make sure this command returns at least one valid object.
WARNING: [Vivado 12-584] No ports matched 'led_phys[5]'. [C:/Users/za10196/Desktop/project_lab6/project_lab6/project_lab6.srcs/constrs_1/new/constraint.xdc:78]
CRITICAL WARNING: [Common 17-55] 'set_property' expects at least one object. [C:/Users/za10196/Desktop/project_lab6/project_lab6/project_lab6.srcs/constrs_1/new/constraint.xdc:78]
Resolution: If [get_<value>] was used to populate the object, check to make sure this command returns at least one valid object.
WARNING: [Vivado 12-584] No ports matched 'led_phys[5]'. [C:/Users/za10196/Desktop/project_lab6/project_lab6/project_lab6.srcs/constrs_1/new/constraint.xdc:79]
CRITICAL WARNING: [Common 17-55] 'set_property' expects at least one object. [C:/Users/za10196/Desktop/project_lab6/project_lab6/project_lab6.srcs/constrs_1/new/constraint.xdc:79]
Resolution: If [get_<value>] was used to populate the object, check to make sure this command returns at least one valid object.
WARNING: [Vivado 12-584] No ports matched 'led_phys[6]'. [C:/Users/za10196/Desktop/project_lab6/project_lab6/project_lab6.srcs/constrs_1/new/constraint.xdc:81]
CRITICAL WARNING: [Common 17-55] 'set_property' expects at least one object. [C:/Users/za10196/Desktop/project_lab6/project_lab6/project_lab6.srcs/constrs_1/new/constraint.xdc:81]
Resolution: If [get_<value>] was used to populate the object, check to make sure this command returns at least one valid object.
WARNING: [Vivado 12-584] No ports matched 'led_phys[6]'. [C:/Users/za10196/Desktop/project_lab6/project_lab6/project_lab6.srcs/constrs_1/new/constraint.xdc:82]
CRITICAL WARNING: [Common 17-55] 'set_property' expects at least one object. [C:/Users/za10196/Desktop/project_lab6/project_lab6/project_lab6.srcs/constrs_1/new/constraint.xdc:82]
Resolution: If [get_<value>] was used to populate the object, check to make sure this command returns at least one valid object.
WARNING: [Vivado 12-584] No ports matched 'led_phys[7]'. [C:/Users/za10196/Desktop/project_lab6/project_lab6/project_lab6.srcs/constrs_1/new/constraint.xdc:84]
CRITICAL WARNING: [Common 17-55] 'set_property' expects at least one object. [C:/Users/za10196/Desktop/project_lab6/project_lab6/project_lab6.srcs/constrs_1/new/constraint.xdc:84]
Resolution: If [get_<value>] was used to populate the object, check to make sure this command returns at least one valid object.
WARNING: [Vivado 12-584] No ports matched 'led_phys[7]'. [C:/Users/za10196/Desktop/project_lab6/project_lab6/project_lab6.srcs/constrs_1/new/constraint.xdc:85]
CRITICAL WARNING: [Common 17-55] 'set_property' expects at least one object. [C:/Users/za10196/Desktop/project_lab6/project_lab6/project_lab6.srcs/constrs_1/new/constraint.xdc:85]
Resolution: If [get_<value>] was used to populate the object, check to make sure this command returns at least one valid object.
WARNING: [Vivado 12-584] No ports matched 'led_phys[8]'. [C:/Users/za10196/Desktop/project_lab6/project_lab6/project_lab6.srcs/constrs_1/new/constraint.xdc:87]
CRITICAL WARNING: [Common 17-55] 'set_property' expects at least one object. [C:/Users/za10196/Desktop/project_lab6/project_lab6/project_lab6.srcs/constrs_1/new/constraint.xdc:87]
Resolution: If [get_<value>] was used to populate the object, check to make sure this command returns at least one valid object.
WARNING: [Vivado 12-584] No ports matched 'led_phys[8]'. [C:/Users/za10196/Desktop/project_lab6/project_lab6/project_lab6.srcs/constrs_1/new/constraint.xdc:88]
CRITICAL WARNING: [Common 17-55] 'set_property' expects at least one object. [C:/Users/za10196/Desktop/project_lab6/project_lab6/project_lab6.srcs/constrs_1/new/constraint.xdc:88]
Resolution: If [get_<value>] was used to populate the object, check to make sure this command returns at least one valid object.
WARNING: [Vivado 12-584] No ports matched 'led_phys[9]'. [C:/Users/za10196/Desktop/project_lab6/project_lab6/project_lab6.srcs/constrs_1/new/constraint.xdc:90]
CRITICAL WARNING: [Common 17-55] 'set_property' expects at least one object. [C:/Users/za10196/Desktop/project_lab6/project_lab6/project_lab6.srcs/constrs_1/new/constraint.xdc:90]
Resolution: If [get_<value>] was used to populate the object, check to make sure this command returns at least one valid object.
WARNING: [Vivado 12-584] No ports matched 'led_phys[9]'. [C:/Users/za10196/Desktop/project_lab6/project_lab6/project_lab6.srcs/constrs_1/new/constraint.xdc:91]
CRITICAL WARNING: [Common 17-55] 'set_property' expects at least one object. [C:/Users/za10196/Desktop/project_lab6/project_lab6/project_lab6.srcs/constrs_1/new/constraint.xdc:91]
Resolution: If [get_<value>] was used to populate the object, check to make sure this command returns at least one valid object.
WARNING: [Vivado 12-584] No ports matched 'led_phys[10]'. [C:/Users/za10196/Desktop/project_lab6/project_lab6/project_lab6.srcs/constrs_1/new/constraint.xdc:93]
CRITICAL WARNING: [Common 17-55] 'set_property' expects at least one object. [C:/Users/za10196/Desktop/project_lab6/project_lab6/project_lab6.srcs/constrs_1/new/constraint.xdc:93]
Resolution: If [get_<value>] was used to populate the object, check to make sure this command returns at least one valid object.
WARNING: [Vivado 12-584] No ports matched 'led_phys[10]'. [C:/Users/za10196/Desktop/project_lab6/project_lab6/project_lab6.srcs/constrs_1/new/constraint.xdc:94]
CRITICAL WARNING: [Common 17-55] 'set_property' expects at least one object. [C:/Users/za10196/Desktop/project_lab6/project_lab6/project_lab6.srcs/constrs_1/new/constraint.xdc:94]
Resolution: If [get_<value>] was used to populate the object, check to make sure this command returns at least one valid object.
WARNING: [Vivado 12-584] No ports matched 'led_phys[11]'. [C:/Users/za10196/Desktop/project_lab6/project_lab6/project_lab6.srcs/constrs_1/new/constraint.xdc:96]
CRITICAL WARNING: [Common 17-55] 'set_property' expects at least one object. [C:/Users/za10196/Desktop/project_lab6/project_lab6/project_lab6.srcs/constrs_1/new/constraint.xdc:96]
Resolution: If [get_<value>] was used to populate the object, check to make sure this command returns at least one valid object.
WARNING: [Vivado 12-584] No ports matched 'led_phys[11]'. [C:/Users/za10196/Desktop/project_lab6/project_lab6/project_lab6.srcs/constrs_1/new/constraint.xdc:97]
CRITICAL WARNING: [Common 17-55] 'set_property' expects at least one object. [C:/Users/za10196/Desktop/project_lab6/project_lab6/project_lab6.srcs/constrs_1/new/constraint.xdc:97]
Resolution: If [get_<value>] was used to populate the object, check to make sure this command returns at least one valid object.
WARNING: [Vivado 12-584] No ports matched 'led_phys[12]'. [C:/Users/za10196/Desktop/project_lab6/project_lab6/project_lab6.srcs/constrs_1/new/constraint.xdc:99]
CRITICAL WARNING: [Common 17-55] 'set_property' expects at least one object. [C:/Users/za10196/Desktop/project_lab6/project_lab6/project_lab6.srcs/constrs_1/new/constraint.xdc:99]
Resolution: If [get_<value>] was used to populate the object, check to make sure this command returns at least one valid object.
WARNING: [Vivado 12-584] No ports matched 'led_phys[12]'. [C:/Users/za10196/Desktop/project_lab6/project_lab6/project_lab6.srcs/constrs_1/new/constraint.xdc:100]
CRITICAL WARNING: [Common 17-55] 'set_property' expects at least one object. [C:/Users/za10196/Desktop/project_lab6/project_lab6/project_lab6.srcs/constrs_1/new/constraint.xdc:100]
Resolution: If [get_<value>] was used to populate the object, check to make sure this command returns at least one valid object.
WARNING: [Vivado 12-584] No ports matched 'led_phys[13]'. [C:/Users/za10196/Desktop/project_lab6/project_lab6/project_lab6.srcs/constrs_1/new/constraint.xdc:102]
CRITICAL WARNING: [Common 17-55] 'set_property' expects at least one object. [C:/Users/za10196/Desktop/project_lab6/project_lab6/project_lab6.srcs/constrs_1/new/constraint.xdc:102]
Resolution: If [get_<value>] was used to populate the object, check to make sure this command returns at least one valid object.
WARNING: [Vivado 12-584] No ports matched 'led_phys[13]'. [C:/Users/za10196/Desktop/project_lab6/project_lab6/project_lab6.srcs/constrs_1/new/constraint.xdc:103]
CRITICAL WARNING: [Common 17-55] 'set_property' expects at least one object. [C:/Users/za10196/Desktop/project_lab6/project_lab6/project_lab6.srcs/constrs_1/new/constraint.xdc:103]
Resolution: If [get_<value>] was used to populate the object, check to make sure this command returns at least one valid object.
WARNING: [Vivado 12-584] No ports matched 'led_phys[14]'. [C:/Users/za10196/Desktop/project_lab6/project_lab6/project_lab6.srcs/constrs_1/new/constraint.xdc:105]
CRITICAL WARNING: [Common 17-55] 'set_property' expects at least one object. [C:/Users/za10196/Desktop/project_lab6/project_lab6/project_lab6.srcs/constrs_1/new/constraint.xdc:105]
Resolution: If [get_<value>] was used to populate the object, check to make sure this command returns at least one valid object.
WARNING: [Vivado 12-584] No ports matched 'led_phys[14]'. [C:/Users/za10196/Desktop/project_lab6/project_lab6/project_lab6.srcs/constrs_1/new/constraint.xdc:106]
CRITICAL WARNING: [Common 17-55] 'set_property' expects at least one object. [C:/Users/za10196/Desktop/project_lab6/project_lab6/project_lab6.srcs/constrs_1/new/constraint.xdc:106]
Resolution: If [get_<value>] was used to populate the object, check to make sure this command returns at least one valid object.
WARNING: [Vivado 12-584] No ports matched 'led_phys[15]'. [C:/Users/za10196/Desktop/project_lab6/project_lab6/project_lab6.srcs/constrs_1/new/constraint.xdc:108]
CRITICAL WARNING: [Common 17-55] 'set_property' expects at least one object. [C:/Users/za10196/Desktop/project_lab6/project_lab6/project_lab6.srcs/constrs_1/new/constraint.xdc:108]
Resolution: If [get_<value>] was used to populate the object, check to make sure this command returns at least one valid object.
WARNING: [Vivado 12-584] No ports matched 'led_phys[15]'. [C:/Users/za10196/Desktop/project_lab6/project_lab6/project_lab6.srcs/constrs_1/new/constraint.xdc:109]
CRITICAL WARNING: [Common 17-55] 'set_property' expects at least one object. [C:/Users/za10196/Desktop/project_lab6/project_lab6/project_lab6.srcs/constrs_1/new/constraint.xdc:109]
Resolution: If [get_<value>] was used to populate the object, check to make sure this command returns at least one valid object.
WARNING: [Vivado 12-584] No ports matched 'seg[0]'. [C:/Users/za10196/Desktop/project_lab6/project_lab6/project_lab6.srcs/constrs_1/new/constraint.xdc:114]
CRITICAL WARNING: [Common 17-55] 'set_property' expects at least one object. [C:/Users/za10196/Desktop/project_lab6/project_lab6/project_lab6.srcs/constrs_1/new/constraint.xdc:114]
Resolution: If [get_<value>] was used to populate the object, check to make sure this command returns at least one valid object.
WARNING: [Vivado 12-584] No ports matched 'seg[0]'. [C:/Users/za10196/Desktop/project_lab6/project_lab6/project_lab6.srcs/constrs_1/new/constraint.xdc:115]
CRITICAL WARNING: [Common 17-55] 'set_property' expects at least one object. [C:/Users/za10196/Desktop/project_lab6/project_lab6/project_lab6.srcs/constrs_1/new/constraint.xdc:115]
Resolution: If [get_<value>] was used to populate the object, check to make sure this command returns at least one valid object.
WARNING: [Vivado 12-584] No ports matched 'seg[1]'. [C:/Users/za10196/Desktop/project_lab6/project_lab6/project_lab6.srcs/constrs_1/new/constraint.xdc:117]
CRITICAL WARNING: [Common 17-55] 'set_property' expects at least one object. [C:/Users/za10196/Desktop/project_lab6/project_lab6/project_lab6.srcs/constrs_1/new/constraint.xdc:117]
Resolution: If [get_<value>] was used to populate the object, check to make sure this command returns at least one valid object.
WARNING: [Vivado 12-584] No ports matched 'seg[1]'. [C:/Users/za10196/Desktop/project_lab6/project_lab6/project_lab6.srcs/constrs_1/new/constraint.xdc:118]
CRITICAL WARNING: [Common 17-55] 'set_property' expects at least one object. [C:/Users/za10196/Desktop/project_lab6/project_lab6/project_lab6.srcs/constrs_1/new/constraint.xdc:118]
Resolution: If [get_<value>] was used to populate the object, check to make sure this command returns at least one valid object.
WARNING: [Vivado 12-584] No ports matched 'seg[2]'. [C:/Users/za10196/Desktop/project_lab6/project_lab6/project_lab6.srcs/constrs_1/new/constraint.xdc:120]
CRITICAL WARNING: [Common 17-55] 'set_property' expects at least one object. [C:/Users/za10196/Desktop/project_lab6/project_lab6/project_lab6.srcs/constrs_1/new/constraint.xdc:120]
Resolution: If [get_<value>] was used to populate the object, check to make sure this command returns at least one valid object.
WARNING: [Vivado 12-584] No ports matched 'seg[2]'. [C:/Users/za10196/Desktop/project_lab6/project_lab6/project_lab6.srcs/constrs_1/new/constraint.xdc:121]
CRITICAL WARNING: [Common 17-55] 'set_property' expects at least one object. [C:/Users/za10196/Desktop/project_lab6/project_lab6/project_lab6.srcs/constrs_1/new/constraint.xdc:121]
Resolution: If [get_<value>] was used to populate the object, check to make sure this command returns at least one valid object.
WARNING: [Vivado 12-584] No ports matched 'seg[3]'. [C:/Users/za10196/Desktop/project_lab6/project_lab6/project_lab6.srcs/constrs_1/new/constraint.xdc:123]
CRITICAL WARNING: [Common 17-55] 'set_property' expects at least one object. [C:/Users/za10196/Desktop/project_lab6/project_lab6/project_lab6.srcs/constrs_1/new/constraint.xdc:123]
Resolution: If [get_<value>] was used to populate the object, check to make sure this command returns at least one valid object.
WARNING: [Vivado 12-584] No ports matched 'seg[3]'. [C:/Users/za10196/Desktop/project_lab6/project_lab6/project_lab6.srcs/constrs_1/new/constraint.xdc:124]
CRITICAL WARNING: [Common 17-55] 'set_property' expects at least one object. [C:/Users/za10196/Desktop/project_lab6/project_lab6/project_lab6.srcs/constrs_1/new/constraint.xdc:124]
Resolution: If [get_<value>] was used to populate the object, check to make sure this command returns at least one valid object.
WARNING: [Vivado 12-584] No ports matched 'seg[4]'. [C:/Users/za10196/Desktop/project_lab6/project_lab6/project_lab6.srcs/constrs_1/new/constraint.xdc:126]
CRITICAL WARNING: [Common 17-55] 'set_property' expects at least one object. [C:/Users/za10196/Desktop/project_lab6/project_lab6/project_lab6.srcs/constrs_1/new/constraint.xdc:126]
Resolution: If [get_<value>] was used to populate the object, check to make sure this command returns at least one valid object.
WARNING: [Vivado 12-584] No ports matched 'seg[4]'. [C:/Users/za10196/Desktop/project_lab6/project_lab6/project_lab6.srcs/constrs_1/new/constraint.xdc:127]
CRITICAL WARNING: [Common 17-55] 'set_property' expects at least one object. [C:/Users/za10196/Desktop/project_lab6/project_lab6/project_lab6.srcs/constrs_1/new/constraint.xdc:127]
Resolution: If [get_<value>] was used to populate the object, check to make sure this command returns at least one valid object.
WARNING: [Vivado 12-584] No ports matched 'seg[5]'. [C:/Users/za10196/Desktop/project_lab6/project_lab6/project_lab6.srcs/constrs_1/new/constraint.xdc:129]
CRITICAL WARNING: [Common 17-55] 'set_property' expects at least one object. [C:/Users/za10196/Desktop/project_lab6/project_lab6/project_lab6.srcs/constrs_1/new/constraint.xdc:129]
Resolution: If [get_<value>] was used to populate the object, check to make sure this command returns at least one valid object.
WARNING: [Vivado 12-584] No ports matched 'seg[5]'. [C:/Users/za10196/Desktop/project_lab6/project_lab6/project_lab6.srcs/constrs_1/new/constraint.xdc:130]
CRITICAL WARNING: [Common 17-55] 'set_property' expects at least one object. [C:/Users/za10196/Desktop/project_lab6/project_lab6/project_lab6.srcs/constrs_1/new/constraint.xdc:130]
Resolution: If [get_<value>] was used to populate the object, check to make sure this command returns at least one valid object.
WARNING: [Vivado 12-584] No ports matched 'seg[6]'. [C:/Users/za10196/Desktop/project_lab6/project_lab6/project_lab6.srcs/constrs_1/new/constraint.xdc:132]
CRITICAL WARNING: [Common 17-55] 'set_property' expects at least one object. [C:/Users/za10196/Desktop/project_lab6/project_lab6/project_lab6.srcs/constrs_1/new/constraint.xdc:132]
Resolution: If [get_<value>] was used to populate the object, check to make sure this command returns at least one valid object.
WARNING: [Vivado 12-584] No ports matched 'seg[6]'. [C:/Users/za10196/Desktop/project_lab6/project_lab6/project_lab6.srcs/constrs_1/new/constraint.xdc:133]
CRITICAL WARNING: [Common 17-55] 'set_property' expects at least one object. [C:/Users/za10196/Desktop/project_lab6/project_lab6/project_lab6.srcs/constrs_1/new/constraint.xdc:133]
Resolution: If [get_<value>] was used to populate the object, check to make sure this command returns at least one valid object.
WARNING: [Vivado 12-584] No ports matched 'an[0]'. [C:/Users/za10196/Desktop/project_lab6/project_lab6/project_lab6.srcs/constrs_1/new/constraint.xdc:138]
CRITICAL WARNING: [Common 17-55] 'set_property' expects at least one object. [C:/Users/za10196/Desktop/project_lab6/project_lab6/project_lab6.srcs/constrs_1/new/constraint.xdc:138]
Resolution: If [get_<value>] was used to populate the object, check to make sure this command returns at least one valid object.
WARNING: [Vivado 12-584] No ports matched 'an[0]'. [C:/Users/za10196/Desktop/project_lab6/project_lab6/project_lab6.srcs/constrs_1/new/constraint.xdc:139]
CRITICAL WARNING: [Common 17-55] 'set_property' expects at least one object. [C:/Users/za10196/Desktop/project_lab6/project_lab6/project_lab6.srcs/constrs_1/new/constraint.xdc:139]
Resolution: If [get_<value>] was used to populate the object, check to make sure this command returns at least one valid object.
WARNING: [Vivado 12-584] No ports matched 'an[1]'. [C:/Users/za10196/Desktop/project_lab6/project_lab6/project_lab6.srcs/constrs_1/new/constraint.xdc:141]
CRITICAL WARNING: [Common 17-55] 'set_property' expects at least one object. [C:/Users/za10196/Desktop/project_lab6/project_lab6/project_lab6.srcs/constrs_1/new/constraint.xdc:141]
Resolution: If [get_<value>] was used to populate the object, check to make sure this command returns at least one valid object.
WARNING: [Vivado 12-584] No ports matched 'an[1]'. [C:/Users/za10196/Desktop/project_lab6/project_lab6/project_lab6.srcs/constrs_1/new/constraint.xdc:142]
CRITICAL WARNING: [Common 17-55] 'set_property' expects at least one object. [C:/Users/za10196/Desktop/project_lab6/project_lab6/project_lab6.srcs/constrs_1/new/constraint.xdc:142]
Resolution: If [get_<value>] was used to populate the object, check to make sure this command returns at least one valid object.
WARNING: [Vivado 12-584] No ports matched 'an[2]'. [C:/Users/za10196/Desktop/project_lab6/project_lab6/project_lab6.srcs/constrs_1/new/constraint.xdc:144]
CRITICAL WARNING: [Common 17-55] 'set_property' expects at least one object. [C:/Users/za10196/Desktop/project_lab6/project_lab6/project_lab6.srcs/constrs_1/new/constraint.xdc:144]
Resolution: If [get_<value>] was used to populate the object, check to make sure this command returns at least one valid object.
WARNING: [Vivado 12-584] No ports matched 'an[2]'. [C:/Users/za10196/Desktop/project_lab6/project_lab6/project_lab6.srcs/constrs_1/new/constraint.xdc:145]
CRITICAL WARNING: [Common 17-55] 'set_property' expects at least one object. [C:/Users/za10196/Desktop/project_lab6/project_lab6/project_lab6.srcs/constrs_1/new/constraint.xdc:145]
Resolution: If [get_<value>] was used to populate the object, check to make sure this command returns at least one valid object.
WARNING: [Vivado 12-584] No ports matched 'an[3]'. [C:/Users/za10196/Desktop/project_lab6/project_lab6/project_lab6.srcs/constrs_1/new/constraint.xdc:147]
CRITICAL WARNING: [Common 17-55] 'set_property' expects at least one object. [C:/Users/za10196/Desktop/project_lab6/project_lab6/project_lab6.srcs/constrs_1/new/constraint.xdc:147]
Resolution: If [get_<value>] was used to populate the object, check to make sure this command returns at least one valid object.
WARNING: [Vivado 12-584] No ports matched 'an[3]'. [C:/Users/za10196/Desktop/project_lab6/project_lab6/project_lab6.srcs/constrs_1/new/constraint.xdc:148]
CRITICAL WARNING: [Common 17-55] 'set_property' expects at least one object. [C:/Users/za10196/Desktop/project_lab6/project_lab6/project_lab6.srcs/constrs_1/new/constraint.xdc:148]
Resolution: If [get_<value>] was used to populate the object, check to make sure this command returns at least one valid object.
Finished Parsing XDC File [C:/Users/za10196/Desktop/project_lab6/project_lab6/project_lab6.srcs/constrs_1/new/constraint.xdc]
INFO: [Opt 31-138] Pushed 0 inverter(s) to 0 load pin(s).
Netlist sorting complete. Time (s): cpu = 00:00:00 ; elapsed = 00:00:00 . Memory (MB): peak = 1024.988 ; gain = 0.000
INFO: [Project 1-111] Unisim Transformation Summary:
No Unisim elements were transformed.

7 Infos, 89 Warnings, 88 Critical Warnings and 0 Errors encountered.
link_design completed successfully
link_design: Time (s): cpu = 00:00:04 ; elapsed = 00:00:07 . Memory (MB): peak = 1024.988 ; gain = 0.000
Command: opt_design
Attempting to get a license for feature 'Implementation' and/or device 'xc7a35t'
INFO: [Common 17-349] Got license for feature 'Implementation' and/or device 'xc7a35t'
Running DRC as a precondition to command opt_design

Starting DRC Task
INFO: [DRC 23-27] Running DRC with 2 threads
INFO: [Project 1-461] DRC finished with 0 Errors
INFO: [Project 1-462] Please refer to the DRC report (report_drc) for more information.

Time (s): cpu = 00:00:01 ; elapsed = 00:00:00.542 . Memory (MB): peak = 1024.988 ; gain = 0.000

Starting Cache Timing Information Task
INFO: [Timing 38-35] Done setting XDC timing constraints.
Ending Cache Timing Information Task | Checksum: 185c6d93f

Time (s): cpu = 00:00:05 ; elapsed = 00:00:05 . Memory (MB): peak = 1316.750 ; gain = 291.762

Starting Logic Optimization Task

Phase 1 Retarget
INFO: [Opt 31-138] Pushed 0 inverter(s) to 0 load pin(s).
INFO: [Opt 31-49] Retargeted 0 cell(s).
Phase 1 Retarget | Checksum: 185c6d93f

Time (s): cpu = 00:00:00 ; elapsed = 00:00:00.033 . Memory (MB): peak = 1519.105 ; gain = 0.000
INFO: [Opt 31-389] Phase Retarget created 0 cells and removed 0 cells

Phase 2 Constant propagation
INFO: [Opt 31-138] Pushed 0 inverter(s) to 0 load pin(s).
Phase 2 Constant propagation | Checksum: 185c6d93f

Time (s): cpu = 00:00:00 ; elapsed = 00:00:00.038 . Memory (MB): peak = 1519.105 ; gain = 0.000
INFO: [Opt 31-389] Phase Constant propagation created 0 cells and removed 0 cells

Phase 3 Sweep
Phase 3 Sweep | Checksum: 185c6d93f

Time (s): cpu = 00:00:00 ; elapsed = 00:00:00.046 . Memory (MB): peak = 1519.105 ; gain = 0.000
INFO: [Opt 31-389] Phase Sweep created 0 cells and removed 0 cells

Phase 4 BUFG optimization
Phase 4 BUFG optimization | Checksum: 185c6d93f

Time (s): cpu = 00:00:00 ; elapsed = 00:00:00.073 . Memory (MB): peak = 1519.105 ; gain = 0.000
INFO: [Opt 31-662] Phase BUFG optimization created 0 cells of which 0 are BUFGs and removed 0 cells.

Phase 5 Shift Register Optimization
INFO: [Opt 31-1064] SRL Remap converted 0 SRLs to 0 registers and converted 0 registers of register chains to 0 SRLs
Phase 5 Shift Register Optimization | Checksum: 185c6d93f

Time (s): cpu = 00:00:00 ; elapsed = 00:00:00.081 . Memory (MB): peak = 1519.105 ; gain = 0.000
INFO: [Opt 31-389] Phase Shift Register Optimization created 0 cells and removed 0 cells

Phase 6 Post Processing Netlist
Phase 6 Post Processing Netlist | Checksum: 185c6d93f

Time (s): cpu = 00:00:00 ; elapsed = 00:00:00.083 . Memory (MB): peak = 1519.105 ; gain = 0.000
INFO: [Opt 31-389] Phase Post Processing Netlist created 0 cells and removed 0 cells
Opt_design Change Summary
=========================


-------------------------------------------------------------------------------------------------------------------------
|  Phase                        |  #Cells created  |  #Cells Removed  |  #Constrained objects preventing optimizations  |
-------------------------------------------------------------------------------------------------------------------------
|  Retarget                     |               0  |               0  |                                              0  |
|  Constant propagation         |               0  |               0  |                                              0  |
|  Sweep                        |               0  |               0  |                                              0  |
|  BUFG optimization            |               0  |               0  |                                              0  |
|  Shift Register Optimization  |               0  |               0  |                                              0  |
|  Post Processing Netlist      |               0  |               0  |                                              0  |
-------------------------------------------------------------------------------------------------------------------------



Starting Connectivity Check Task

Time (s): cpu = 00:00:00 ; elapsed = 00:00:00.001 . Memory (MB): peak = 1519.105 ; gain = 0.000
Ending Logic Optimization Task | Checksum: 185c6d93f

Time (s): cpu = 00:00:00 ; elapsed = 00:00:00.085 . Memory (MB): peak = 1519.105 ; gain = 0.000

Starting Power Optimization Task
INFO: [Pwropt 34-132] Skipping clock gating for clocks with a period < 2.00 ns.
Ending Power Optimization Task | Checksum: 185c6d93f

Time (s): cpu = 00:00:00 ; elapsed = 00:00:00.006 . Memory (MB): peak = 1519.105 ; gain = 0.000

Starting Final Cleanup Task
Ending Final Cleanup Task | Checksum: 185c6d93f

Time (s): cpu = 00:00:00 ; elapsed = 00:00:00 . Memory (MB): peak = 1519.105 ; gain = 0.000

Starting Netlist Obfuscation Task
Netlist sorting complete. Time (s): cpu = 00:00:00 ; elapsed = 00:00:00 . Memory (MB): peak = 1519.105 ; gain = 0.000
Ending Netlist Obfuscation Task | Checksum: 185c6d93f

Time (s): cpu = 00:00:00 ; elapsed = 00:00:00 . Memory (MB): peak = 1519.105 ; gain = 0.000
INFO: [Common 17-83] Releasing license: Implementation
24 Infos, 89 Warnings, 88 Critical Warnings and 0 Errors encountered.
opt_design completed successfully
opt_design: Time (s): cpu = 00:00:07 ; elapsed = 00:00:07 . Memory (MB): peak = 1519.105 ; gain = 494.117
INFO: [Timing 38-480] Writing timing data to binary archive.
Writing placer database...
Writing XDEF routing.
Writing XDEF routing logical nets.
Writing XDEF routing special nets.
Write XDEF Complete: Time (s): cpu = 00:00:00 ; elapsed = 00:00:00.017 . Memory (MB): peak = 1519.105 ; gain = 0.000
INFO: [Common 17-1381] The checkpoint 'C:/Users/za10196/Desktop/project_lab6/project_lab6/project_lab6.runs/impl_1/RegisterFile_opt.dcp' has been generated.
INFO: [runtcl-4] Executing : report_drc -file RegisterFile_drc_opted.rpt -pb RegisterFile_drc_opted.pb -rpx RegisterFile_drc_opted.rpx
Command: report_drc -file RegisterFile_drc_opted.rpt -pb RegisterFile_drc_opted.pb -rpx RegisterFile_drc_opted.rpx
INFO: [IP_Flow 19-234] Refreshing IP repositories
INFO: [IP_Flow 19-1704] No user IP repositories specified
INFO: [IP_Flow 19-2313] Loaded Vivado IP repository 'C:/Xilinx/Vivado/2020.1/data/ip'.
INFO: [DRC 23-27] Running DRC with 2 threads
INFO: [Coretcl 2-168] The results of DRC are in file C:/Users/za10196/Desktop/project_lab6/project_lab6/project_lab6.runs/impl_1/RegisterFile_drc_opted.rpt.
report_drc completed successfully
Command: place_design
Attempting to get a license for feature 'Implementation' and/or device 'xc7a35t'
INFO: [Common 17-349] Got license for feature 'Implementation' and/or device 'xc7a35t'
INFO: [DRC 23-27] Running DRC with 2 threads
INFO: [Vivado_Tcl 4-198] DRC finished with 0 Errors
INFO: [Vivado_Tcl 4-199] Please refer to the DRC report (report_drc) for more information.
Running DRC as a precondition to command place_design
INFO: [DRC 23-27] Running DRC with 2 threads
INFO: [Vivado_Tcl 4-198] DRC finished with 0 Errors
INFO: [Vivado_Tcl 4-199] Please refer to the DRC report (report_drc) for more information.

Starting Placer Task
INFO: [Place 30-611] Multithreading enabled for place_design using a maximum of 2 CPUs

Phase 1 Placer Initialization

Phase 1.1 Placer Initialization Netlist Sorting
Netlist sorting complete. Time (s): cpu = 00:00:00 ; elapsed = 00:00:00 . Memory (MB): peak = 1519.105 ; gain = 0.000
Phase 1.1 Placer Initialization Netlist Sorting | Checksum: 115a234db

Time (s): cpu = 00:00:00 ; elapsed = 00:00:00.012 . Memory (MB): peak = 1519.105 ; gain = 0.000
Netlist sorting complete. Time (s): cpu = 00:00:00 ; elapsed = 00:00:00 . Memory (MB): peak = 1519.105 ; gain = 0.000

Phase 1.2 IO Placement/ Clock Placement/ Build Placer Device
ERROR: [Place 30-415] IO Placement failed due to overutilization. This design contains 113 I/O ports
 while the target  device: 7a35t package: cpg236, contains only 105 available user I/O. The target device has 106 usable I/O pins of which 1 are already occupied by user-locked I/Os.
 To rectify this issue:
 1. Ensure you are targeting the correct device and package.  Select a larger device or different package if necessary.
 2. Check the top-level ports of the design to ensure the correct number of ports are specified.
 3. Consider design changes to reduce the number of I/Os necessary.
INFO: [Timing 38-35] Done setting XDC timing constraints.
ERROR: [Place 30-68] Instance ReadData1_OBUF[0]_inst (OBUF) is not placed
ERROR: [Place 30-68] Instance ReadData1_OBUF[10]_inst (OBUF) is not placed
ERROR: [Place 30-68] Instance ReadData1_OBUF[11]_inst (OBUF) is not placed
ERROR: [Place 30-68] Instance ReadData1_OBUF[12]_inst (OBUF) is not placed
ERROR: [Place 30-68] Instance ReadData1_OBUF[13]_inst (OBUF) is not placed
ERROR: [Place 30-68] Instance ReadData1_OBUF[14]_inst (OBUF) is not placed
ERROR: [Place 30-68] Instance ReadData1_OBUF[15]_inst (OBUF) is not placed
ERROR: [Place 30-68] Instance ReadData1_OBUF[16]_inst (OBUF) is not placed
ERROR: [Place 30-68] Instance ReadData1_OBUF[17]_inst (OBUF) is not placed
ERROR: [Place 30-68] Instance ReadData1_OBUF[18]_inst (OBUF) is not placed
ERROR: [Place 30-68] Instance ReadData1_OBUF[19]_inst (OBUF) is not placed
ERROR: [Place 30-68] Instance ReadData1_OBUF[1]_inst (OBUF) is not placed
ERROR: [Place 30-68] Instance ReadData1_OBUF[20]_inst (OBUF) is not placed
ERROR: [Place 30-68] Instance ReadData1_OBUF[21]_inst (OBUF) is not placed
ERROR: [Place 30-68] Instance ReadData1_OBUF[22]_inst (OBUF) is not placed
ERROR: [Place 30-68] Instance ReadData1_OBUF[23]_inst (OBUF) is not placed
ERROR: [Place 30-68] Instance ReadData1_OBUF[24]_inst (OBUF) is not placed
ERROR: [Place 30-68] Instance ReadData1_OBUF[25]_inst (OBUF) is not placed
ERROR: [Place 30-68] Instance ReadData1_OBUF[26]_inst (OBUF) is not placed
ERROR: [Place 30-68] Instance ReadData1_OBUF[27]_inst (OBUF) is not placed
ERROR: [Place 30-68] Instance ReadData1_OBUF[28]_inst (OBUF) is not placed
ERROR: [Place 30-68] Instance ReadData1_OBUF[29]_inst (OBUF) is not placed
ERROR: [Place 30-68] Instance ReadData1_OBUF[2]_inst (OBUF) is not placed
ERROR: [Place 30-68] Instance ReadData1_OBUF[30]_inst (OBUF) is not placed
ERROR: [Place 30-68] Instance ReadData1_OBUF[31]_inst (OBUF) is not placed
ERROR: [Place 30-68] Instance ReadData1_OBUF[3]_inst (OBUF) is not placed
ERROR: [Place 30-68] Instance ReadData1_OBUF[4]_inst (OBUF) is not placed
ERROR: [Place 30-68] Instance ReadData1_OBUF[5]_inst (OBUF) is not placed
ERROR: [Place 30-68] Instance ReadData1_OBUF[6]_inst (OBUF) is not placed
ERROR: [Place 30-68] Instance ReadData1_OBUF[7]_inst (OBUF) is not placed
ERROR: [Place 30-68] Instance ReadData1_OBUF[8]_inst (OBUF) is not placed
ERROR: [Place 30-68] Instance ReadData1_OBUF[9]_inst (OBUF) is not placed
ERROR: [Place 30-68] Instance ReadData2_OBUF[0]_inst (OBUF) is not placed
ERROR: [Place 30-68] Instance ReadData2_OBUF[10]_inst (OBUF) is not placed
ERROR: [Place 30-68] Instance ReadData2_OBUF[11]_inst (OBUF) is not placed
ERROR: [Place 30-68] Instance ReadData2_OBUF[12]_inst (OBUF) is not placed
ERROR: [Place 30-68] Instance ReadData2_OBUF[13]_inst (OBUF) is not placed
ERROR: [Place 30-68] Instance ReadData2_OBUF[14]_inst (OBUF) is not placed
ERROR: [Place 30-68] Instance ReadData2_OBUF[15]_inst (OBUF) is not placed
ERROR: [Place 30-68] Instance ReadData2_OBUF[16]_inst (OBUF) is not placed
ERROR: [Place 30-68] Instance ReadData2_OBUF[17]_inst (OBUF) is not placed
ERROR: [Place 30-68] Instance ReadData2_OBUF[18]_inst (OBUF) is not placed
ERROR: [Place 30-68] Instance ReadData2_OBUF[19]_inst (OBUF) is not placed
ERROR: [Place 30-68] Instance ReadData2_OBUF[1]_inst (OBUF) is not placed
ERROR: [Place 30-68] Instance ReadData2_OBUF[20]_inst (OBUF) is not placed
ERROR: [Place 30-68] Instance ReadData2_OBUF[21]_inst (OBUF) is not placed
ERROR: [Place 30-68] Instance ReadData2_OBUF[22]_inst (OBUF) is not placed
ERROR: [Place 30-68] Instance ReadData2_OBUF[23]_inst (OBUF) is not placed
ERROR: [Place 30-68] Instance ReadData2_OBUF[24]_inst (OBUF) is not placed
ERROR: [Place 30-68] Instance ReadData2_OBUF[25]_inst (OBUF) is not placed
ERROR: [Place 30-68] Instance ReadData2_OBUF[26]_inst (OBUF) is not placed
ERROR: [Place 30-68] Instance ReadData2_OBUF[27]_inst (OBUF) is not placed
ERROR: [Place 30-68] Instance ReadData2_OBUF[28]_inst (OBUF) is not placed
ERROR: [Place 30-68] Instance ReadData2_OBUF[29]_inst (OBUF) is not placed
ERROR: [Place 30-68] Instance ReadData2_OBUF[2]_inst (OBUF) is not placed
ERROR: [Place 30-68] Instance ReadData2_OBUF[30]_inst (OBUF) is not placed
ERROR: [Place 30-68] Instance ReadData2_OBUF[31]_inst (OBUF) is not placed
ERROR: [Place 30-68] Instance ReadData2_OBUF[3]_inst (OBUF) is not placed
ERROR: [Place 30-68] Instance ReadData2_OBUF[4]_inst (OBUF) is not placed
ERROR: [Place 30-68] Instance ReadData2_OBUF[5]_inst (OBUF) is not placed
ERROR: [Place 30-68] Instance ReadData2_OBUF[6]_inst (OBUF) is not placed
ERROR: [Place 30-68] Instance ReadData2_OBUF[7]_inst (OBUF) is not placed
ERROR: [Place 30-68] Instance ReadData2_OBUF[8]_inst (OBUF) is not placed
ERROR: [Place 30-68] Instance ReadData2_OBUF[9]_inst (OBUF) is not placed
ERROR: [Place 30-68] Instance WriteData_IBUF[0]_inst (IBUF) is not placed
ERROR: [Place 30-68] Instance WriteData_IBUF[10]_inst (IBUF) is not placed
ERROR: [Place 30-68] Instance WriteData_IBUF[11]_inst (IBUF) is not placed
ERROR: [Place 30-68] Instance WriteData_IBUF[12]_inst (IBUF) is not placed
ERROR: [Place 30-68] Instance WriteData_IBUF[13]_inst (IBUF) is not placed
ERROR: [Place 30-68] Instance WriteData_IBUF[14]_inst (IBUF) is not placed
ERROR: [Place 30-68] Instance WriteData_IBUF[15]_inst (IBUF) is not placed
ERROR: [Place 30-68] Instance WriteData_IBUF[16]_inst (IBUF) is not placed
ERROR: [Place 30-68] Instance WriteData_IBUF[17]_inst (IBUF) is not placed
ERROR: [Place 30-68] Instance WriteData_IBUF[18]_inst (IBUF) is not placed
ERROR: [Place 30-68] Instance WriteData_IBUF[19]_inst (IBUF) is not placed
ERROR: [Place 30-68] Instance WriteData_IBUF[1]_inst (IBUF) is not placed
ERROR: [Place 30-68] Instance WriteData_IBUF[20]_inst (IBUF) is not placed
ERROR: [Place 30-68] Instance WriteData_IBUF[21]_inst (IBUF) is not placed
ERROR: [Place 30-68] Instance WriteData_IBUF[22]_inst (IBUF) is not placed
ERROR: [Place 30-68] Instance WriteData_IBUF[23]_inst (IBUF) is not placed
ERROR: [Place 30-68] Instance WriteData_IBUF[24]_inst (IBUF) is not placed
ERROR: [Place 30-68] Instance WriteData_IBUF[25]_inst (IBUF) is not placed
ERROR: [Place 30-68] Instance WriteData_IBUF[26]_inst (IBUF) is not placed
ERROR: [Place 30-68] Instance WriteData_IBUF[27]_inst (IBUF) is not placed
ERROR: [Place 30-68] Instance WriteData_IBUF[28]_inst (IBUF) is not placed
ERROR: [Place 30-68] Instance WriteData_IBUF[29]_inst (IBUF) is not placed
ERROR: [Place 30-68] Instance WriteData_IBUF[2]_inst (IBUF) is not placed
ERROR: [Place 30-68] Instance WriteData_IBUF[30]_inst (IBUF) is not placed
ERROR: [Place 30-68] Instance WriteData_IBUF[31]_inst (IBUF) is not placed
ERROR: [Place 30-68] Instance WriteData_IBUF[3]_inst (IBUF) is not placed
ERROR: [Place 30-68] Instance WriteData_IBUF[4]_inst (IBUF) is not placed
ERROR: [Place 30-68] Instance WriteData_IBUF[5]_inst (IBUF) is not placed
ERROR: [Place 30-68] Instance WriteData_IBUF[6]_inst (IBUF) is not placed
ERROR: [Place 30-68] Instance WriteData_IBUF[7]_inst (IBUF) is not placed
ERROR: [Place 30-68] Instance WriteData_IBUF[8]_inst (IBUF) is not placed
ERROR: [Place 30-68] Instance WriteData_IBUF[9]_inst (IBUF) is not placed
ERROR: [Place 30-68] Instance WriteEnable_IBUF_inst (IBUF) is not placed
ERROR: [Place 30-68] Instance clk_IBUF_BUFG_inst (BUFG) is not placed
ERROR: [Place 30-68] Instance rd_IBUF[0]_inst (IBUF) is not placed
ERROR: [Place 30-68] Instance rd_IBUF[1]_inst (IBUF) is not placed
INFO: [Common 17-14] Message 'Place 30-68' appears 100 times and further instances of the messages will be disabled. Use the Tcl command set_msg_config to change the current settings.
Phase 1.2 IO Placement/ Clock Placement/ Build Placer Device | Checksum: 115a234db

Time (s): cpu = 00:00:01 ; elapsed = 00:00:00.307 . Memory (MB): peak = 1519.105 ; gain = 0.000
Phase 1 Placer Initialization | Checksum: 115a234db

Time (s): cpu = 00:00:01 ; elapsed = 00:00:00.307 . Memory (MB): peak = 1519.105 ; gain = 0.000
ERROR: [Place 30-99] Placer failed with error: 'IO Clock Placer failed'
Please review all ERROR, CRITICAL WARNING, and WARNING messages during placement to understand the cause for failure.
Ending Placer Task | Checksum: 115a234db

Time (s): cpu = 00:00:01 ; elapsed = 00:00:00.309 . Memory (MB): peak = 1519.105 ; gain = 0.000
INFO: [Common 17-83] Releasing license: Implementation
43 Infos, 89 Warnings, 88 Critical Warnings and 103 Errors encountered.
place_design failed
ERROR: [Common 17-69] Command failed: Placer could not place all instances
INFO: [Common 17-206] Exiting Vivado at Thu Mar  5 10:08:21 2026...
