Vivado Simulator 2020.1
Copyright 1986-1999, 2001-2020 Xilinx, Inc. All Rights Reserved.
Running: C:/Xilinx/Vivado/2020.1/bin/unwrapped/win64.o/xelab.exe -wto 201e714a9ff4455bac9922525b182f22 --incr --debug typical --relax --mt 2 -L xil_defaultlib -L unisims_ver -L unimacro_ver -L secureip --snapshot tb_taskB_behav xil_defaultlib.tb_taskB xil_defaultlib.glbl -log elaborate.log 
Using 2 slave threads.
Starting static elaboration
Pass Through NonSizing Optimizer
Completed static elaboration
Starting simulation data flow analysis
Completed simulation data flow analysis
Time Resolution for simulation is 1ps
Compiling module xil_defaultlib.pcAdder
Compiling module xil_defaultlib.branchAdder
Compiling module xil_defaultlib.ProgramCounter
Compiling module xil_defaultlib.instructionMemory
Compiling module xil_defaultlib.immGen
Compiling module xil_defaultlib.MainControl
Compiling module xil_defaultlib.RegisterFile
Compiling module xil_defaultlib.mux2
Compiling module xil_defaultlib.ALUControl
Compiling module xil_defaultlib.ALU
Compiling module xil_defaultlib.AddressDecoder
Compiling module xil_defaultlib.DataMemory
Compiling module xil_defaultlib.TopLevelProcessor
Compiling module xil_defaultlib.tb_taskB
Compiling module xil_defaultlib.glbl
Built simulation snapshot tb_taskB_behav
