INFO: [VRFC 10-2263] Analyzing Verilog file "C:/Users/DELL/Desktop/CAlabs/CAlabs-Git-Zaara-Zoya/Project/TaskB/TaskB.srcs/sources_1/new/ALU.v" into library xil_defaultlib
INFO: [VRFC 10-311] analyzing module ALU
INFO: [VRFC 10-2263] Analyzing Verilog file "C:/Users/DELL/Desktop/CAlabs/CAlabs-Git-Zaara-Zoya/Project/TaskB/TaskB.srcs/sources_1/new/ALUControl.v" into library xil_defaultlib
INFO: [VRFC 10-311] analyzing module ALUControl
INFO: [VRFC 10-2263] Analyzing Verilog file "C:/Users/DELL/Desktop/CAlabs/CAlabs-Git-Zaara-Zoya/Project/TaskB/TaskB.srcs/sources_1/new/AddressDecoder.v" into library xil_defaultlib
INFO: [VRFC 10-311] analyzing module AddressDecoder
INFO: [VRFC 10-2263] Analyzing Verilog file "C:/Users/DELL/Desktop/CAlabs/CAlabs-Git-Zaara-Zoya/Project/TaskB/TaskB.srcs/sources_1/new/DataMemory.v" into library xil_defaultlib
INFO: [VRFC 10-311] analyzing module DataMemory
INFO: [VRFC 10-2263] Analyzing Verilog file "C:/Users/DELL/Desktop/CAlabs/CAlabs-Git-Zaara-Zoya/Project/TaskB/TaskB.srcs/sources_1/new/MainControl.v" into library xil_defaultlib
INFO: [VRFC 10-311] analyzing module MainControl
INFO: [VRFC 10-2263] Analyzing Verilog file "C:/Users/DELL/Desktop/CAlabs/CAlabs-Git-Zaara-Zoya/Project/TaskB/TaskB.srcs/sources_1/new/ProgramCounter.v" into library xil_defaultlib
INFO: [VRFC 10-311] analyzing module ProgramCounter
INFO: [VRFC 10-2263] Analyzing Verilog file "C:/Users/DELL/Desktop/CAlabs/CAlabs-Git-Zaara-Zoya/Project/TaskB/TaskB.srcs/sources_1/new/RegisterFile.v" into library xil_defaultlib
INFO: [VRFC 10-311] analyzing module RegisterFile
INFO: [VRFC 10-2263] Analyzing Verilog file "C:/Users/DELL/Desktop/CAlabs/CAlabs-Git-Zaara-Zoya/Project/TaskB/TaskB.srcs/sources_1/new/TopLevelProcessor.v" into library xil_defaultlib
INFO: [VRFC 10-311] analyzing module TopLevelProcessor
INFO: [VRFC 10-2263] Analyzing Verilog file "C:/Users/DELL/Desktop/CAlabs/CAlabs-Git-Zaara-Zoya/Project/TaskB/TaskB.srcs/sources_1/new/branchAdder.v" into library xil_defaultlib
INFO: [VRFC 10-311] analyzing module branchAdder
INFO: [VRFC 10-2263] Analyzing Verilog file "C:/Users/DELL/Desktop/CAlabs/CAlabs-Git-Zaara-Zoya/Project/TaskB/TaskB.srcs/sources_1/new/immGen.v" into library xil_defaultlib
INFO: [VRFC 10-311] analyzing module immGen
INFO: [VRFC 10-2263] Analyzing Verilog file "C:/Users/DELL/Desktop/CAlabs/CAlabs-Git-Zaara-Zoya/Project/TaskB/TaskB.srcs/sources_1/new/instructionMemory.v" into library xil_defaultlib
INFO: [VRFC 10-311] analyzing module instructionMemory
INFO: [VRFC 10-2263] Analyzing Verilog file "C:/Users/DELL/Desktop/CAlabs/CAlabs-Git-Zaara-Zoya/Project/TaskB/TaskB.srcs/sources_1/new/mux2.v" into library xil_defaultlib
INFO: [VRFC 10-311] analyzing module mux2
INFO: [VRFC 10-2263] Analyzing Verilog file "C:/Users/DELL/Desktop/CAlabs/CAlabs-Git-Zaara-Zoya/Project/TaskB/TaskB.srcs/sources_1/new/pcAdder.v" into library xil_defaultlib
INFO: [VRFC 10-311] analyzing module pcAdder
INFO: [VRFC 10-2263] Analyzing Verilog file "C:/Users/DELL/Desktop/CAlabs/CAlabs-Git-Zaara-Zoya/Project/TaskB/TaskB.srcs/sim_1/new/tb_partb.v" into library xil_defaultlib
INFO: [VRFC 10-311] analyzing module tb_taskB
