INFO: [VRFC 10-2263] Analyzing Verilog file "C:/Users/DELL/Desktop/CA-Labs-main/CA-Labs-main/Project/Part A/Project_Verilog.sim/sim_1/synth/timing/xsim/tb_TaskA_time_synth.v" into library xil_defaultlib
INFO: [VRFC 10-311] analyzing module RAM256X1S_UNIQ_BASE_
INFO: [VRFC 10-311] analyzing module RAM256X1S_HD1
INFO: [VRFC 10-311] analyzing module RAM256X1S_HD10
INFO: [VRFC 10-311] analyzing module RAM256X1S_HD11
INFO: [VRFC 10-311] analyzing module RAM256X1S_HD12
INFO: [VRFC 10-311] analyzing module RAM256X1S_HD13
INFO: [VRFC 10-311] analyzing module RAM256X1S_HD14
INFO: [VRFC 10-311] analyzing module RAM256X1S_HD15
INFO: [VRFC 10-311] analyzing module RAM256X1S_HD16
INFO: [VRFC 10-311] analyzing module RAM256X1S_HD17
INFO: [VRFC 10-311] analyzing module RAM256X1S_HD18
INFO: [VRFC 10-311] analyzing module RAM256X1S_HD19
INFO: [VRFC 10-311] analyzing module RAM256X1S_HD2
INFO: [VRFC 10-311] analyzing module RAM256X1S_HD20
INFO: [VRFC 10-311] analyzing module RAM256X1S_HD21
INFO: [VRFC 10-311] analyzing module RAM256X1S_HD22
INFO: [VRFC 10-311] analyzing module RAM256X1S_HD23
INFO: [VRFC 10-311] analyzing module RAM256X1S_HD24
INFO: [VRFC 10-311] analyzing module RAM256X1S_HD25
INFO: [VRFC 10-311] analyzing module RAM256X1S_HD26
INFO: [VRFC 10-311] analyzing module RAM256X1S_HD27
INFO: [VRFC 10-311] analyzing module RAM256X1S_HD28
INFO: [VRFC 10-311] analyzing module RAM256X1S_HD29
INFO: [VRFC 10-311] analyzing module RAM256X1S_HD3
INFO: [VRFC 10-311] analyzing module RAM256X1S_HD30
INFO: [VRFC 10-311] analyzing module RAM256X1S_HD31
INFO: [VRFC 10-311] analyzing module RAM256X1S_HD32
INFO: [VRFC 10-311] analyzing module RAM256X1S_HD33
INFO: [VRFC 10-311] analyzing module RAM256X1S_HD34
INFO: [VRFC 10-311] analyzing module RAM256X1S_HD35
INFO: [VRFC 10-311] analyzing module RAM256X1S_HD36
INFO: [VRFC 10-311] analyzing module RAM256X1S_HD37
INFO: [VRFC 10-311] analyzing module RAM256X1S_HD38
INFO: [VRFC 10-311] analyzing module RAM256X1S_HD39
INFO: [VRFC 10-311] analyzing module RAM256X1S_HD4
INFO: [VRFC 10-311] analyzing module RAM256X1S_HD40
INFO: [VRFC 10-311] analyzing module RAM256X1S_HD41
INFO: [VRFC 10-311] analyzing module RAM256X1S_HD42
INFO: [VRFC 10-311] analyzing module RAM256X1S_HD43
INFO: [VRFC 10-311] analyzing module RAM256X1S_HD44
INFO: [VRFC 10-311] analyzing module RAM256X1S_HD45
INFO: [VRFC 10-311] analyzing module RAM256X1S_HD46
INFO: [VRFC 10-311] analyzing module RAM256X1S_HD47
INFO: [VRFC 10-311] analyzing module RAM256X1S_HD48
INFO: [VRFC 10-311] analyzing module RAM256X1S_HD49
INFO: [VRFC 10-311] analyzing module RAM256X1S_HD5
INFO: [VRFC 10-311] analyzing module RAM256X1S_HD50
INFO: [VRFC 10-311] analyzing module RAM256X1S_HD51
INFO: [VRFC 10-311] analyzing module RAM256X1S_HD52
INFO: [VRFC 10-311] analyzing module RAM256X1S_HD53
INFO: [VRFC 10-311] analyzing module RAM256X1S_HD54
INFO: [VRFC 10-311] analyzing module RAM256X1S_HD55
INFO: [VRFC 10-311] analyzing module RAM256X1S_HD56
INFO: [VRFC 10-311] analyzing module RAM256X1S_HD57
INFO: [VRFC 10-311] analyzing module RAM256X1S_HD58
INFO: [VRFC 10-311] analyzing module RAM256X1S_HD59
INFO: [VRFC 10-311] analyzing module RAM256X1S_HD6
INFO: [VRFC 10-311] analyzing module RAM256X1S_HD60
INFO: [VRFC 10-311] analyzing module RAM256X1S_HD61
INFO: [VRFC 10-311] analyzing module RAM256X1S_HD62
INFO: [VRFC 10-311] analyzing module RAM256X1S_HD63
INFO: [VRFC 10-311] analyzing module RAM256X1S_HD7
INFO: [VRFC 10-311] analyzing module RAM256X1S_HD8
INFO: [VRFC 10-311] analyzing module RAM256X1S_HD9
INFO: [VRFC 10-311] analyzing module ALU
INFO: [VRFC 10-311] analyzing module DataMemory
INFO: [VRFC 10-311] analyzing module ProgramCounter
INFO: [VRFC 10-311] analyzing module RegisterFile
INFO: [VRFC 10-311] analyzing module TopLevelProcessor
INFO: [VRFC 10-311] analyzing module branchAdder
INFO: [VRFC 10-311] analyzing module clk_divider
INFO: [VRFC 10-311] analyzing module pcAdder
INFO: [VRFC 10-311] analyzing module seven_seg_display
INFO: [VRFC 10-311] analyzing module taskA_top
INFO: [VRFC 10-311] analyzing module glbl
INFO: [VRFC 10-2263] Analyzing Verilog file "C:/Users/DELL/Desktop/CA-Labs-main/CA-Labs-main/Project/Part A/Project_Verilog.srcs/sources_1/new/ALU.v" into library xil_defaultlib
INFO: [VRFC 10-311] analyzing module ALU
WARNING: [VRFC 10-3609] overwriting previous definition of module 'ALU' [C:/Users/DELL/Desktop/CA-Labs-main/CA-Labs-main/Project/Part A/Project_Verilog.srcs/sources_1/new/ALU.v:23]
INFO: [VRFC 10-2263] Analyzing Verilog file "C:/Users/DELL/Desktop/CA-Labs-main/CA-Labs-main/Project/Part A/Project_Verilog.srcs/sources_1/new/ALUControl.v" into library xil_defaultlib
INFO: [VRFC 10-311] analyzing module ALUControl
INFO: [VRFC 10-2263] Analyzing Verilog file "C:/Users/DELL/Desktop/CA-Labs-main/CA-Labs-main/Project/Part A/Project_Verilog.srcs/sources_1/new/AddressDecoder.v" into library xil_defaultlib
INFO: [VRFC 10-311] analyzing module AddressDecoder
INFO: [VRFC 10-2263] Analyzing Verilog file "C:/Users/DELL/Desktop/CA-Labs-main/CA-Labs-main/Project/Part A/Project_Verilog.srcs/sources_1/new/DataMemory.v" into library xil_defaultlib
INFO: [VRFC 10-311] analyzing module DataMemory
WARNING: [VRFC 10-3609] overwriting previous definition of module 'DataMemory' [C:/Users/DELL/Desktop/CA-Labs-main/CA-Labs-main/Project/Part A/Project_Verilog.srcs/sources_1/new/DataMemory.v:22]
INFO: [VRFC 10-2263] Analyzing Verilog file "C:/Users/DELL/Desktop/CA-Labs-main/CA-Labs-main/Project/Part A/Project_Verilog.srcs/sources_1/new/MainControl.v" into library xil_defaultlib
INFO: [VRFC 10-311] analyzing module MainControl
INFO: [VRFC 10-2263] Analyzing Verilog file "C:/Users/DELL/Desktop/CA-Labs-main/CA-Labs-main/Project/Part A/Project_Verilog.srcs/sources_1/new/ProgramCounter.v" into library xil_defaultlib
INFO: [VRFC 10-311] analyzing module ProgramCounter
WARNING: [VRFC 10-3609] overwriting previous definition of module 'ProgramCounter' [C:/Users/DELL/Desktop/CA-Labs-main/CA-Labs-main/Project/Part A/Project_Verilog.srcs/sources_1/new/ProgramCounter.v:2]
INFO: [VRFC 10-2263] Analyzing Verilog file "C:/Users/DELL/Desktop/CA-Labs-main/CA-Labs-main/Project/Part A/Project_Verilog.srcs/sources_1/new/RegisterFile.v" into library xil_defaultlib
INFO: [VRFC 10-311] analyzing module RegisterFile
WARNING: [VRFC 10-3609] overwriting previous definition of module 'RegisterFile' [C:/Users/DELL/Desktop/CA-Labs-main/CA-Labs-main/Project/Part A/Project_Verilog.srcs/sources_1/new/RegisterFile.v:1]
INFO: [VRFC 10-2263] Analyzing Verilog file "C:/Users/DELL/Desktop/CA-Labs-main/CA-Labs-main/Project/Part A/Project_Verilog.srcs/sources_1/new/TopLevelProcessor.v" into library xil_defaultlib
INFO: [VRFC 10-311] analyzing module TopLevelProcessor
WARNING: [VRFC 10-3609] overwriting previous definition of module 'TopLevelProcessor' [C:/Users/DELL/Desktop/CA-Labs-main/CA-Labs-main/Project/Part A/Project_Verilog.srcs/sources_1/new/TopLevelProcessor.v:3]
INFO: [VRFC 10-2263] Analyzing Verilog file "C:/Users/DELL/Desktop/CA-Labs-main/CA-Labs-main/Project/Part A/Project_Verilog.srcs/sources_1/new/branchAdder.v" into library xil_defaultlib
INFO: [VRFC 10-311] analyzing module branchAdder
WARNING: [VRFC 10-3609] overwriting previous definition of module 'branchAdder' [C:/Users/DELL/Desktop/CA-Labs-main/CA-Labs-main/Project/Part A/Project_Verilog.srcs/sources_1/new/branchAdder.v:2]
INFO: [VRFC 10-2263] Analyzing Verilog file "C:/Users/DELL/Desktop/CA-Labs-main/CA-Labs-main/Project/Part A/Project_Verilog.srcs/sources_1/new/immGen.v" into library xil_defaultlib
INFO: [VRFC 10-311] analyzing module immGen
INFO: [VRFC 10-2263] Analyzing Verilog file "C:/Users/DELL/Desktop/CA-Labs-main/CA-Labs-main/Project/Part A/Project_Verilog.srcs/sources_1/new/instructionMemory.v" into library xil_defaultlib
INFO: [VRFC 10-311] analyzing module instructionMemory
INFO: [VRFC 10-2263] Analyzing Verilog file "C:/Users/DELL/Desktop/CA-Labs-main/CA-Labs-main/Project/Part A/Project_Verilog.srcs/sources_1/new/mux2.v" into library xil_defaultlib
INFO: [VRFC 10-311] analyzing module mux2
INFO: [VRFC 10-2263] Analyzing Verilog file "C:/Users/DELL/Desktop/CA-Labs-main/CA-Labs-main/Project/Part A/Project_Verilog.srcs/sources_1/new/pcAdder.v" into library xil_defaultlib
INFO: [VRFC 10-311] analyzing module pcAdder
WARNING: [VRFC 10-3609] overwriting previous definition of module 'pcAdder' [C:/Users/DELL/Desktop/CA-Labs-main/CA-Labs-main/Project/Part A/Project_Verilog.srcs/sources_1/new/pcAdder.v:2]
INFO: [VRFC 10-2263] Analyzing Verilog file "C:/Users/DELL/Desktop/CA-Labs-main/CA-Labs-main/Project/Part A/Project_Verilog.srcs/sim_1/new/tb_TopLevelProcessor.v" into library xil_defaultlib
INFO: [VRFC 10-311] analyzing module tb_TaskA
